{
  "numTotalTestSuites": 32,
  "numPassedTestSuites": 3,
  "numFailedTestSuites": 29,
  "numPendingTestSuites": 0,
  "numTotalTests": 99,
  "numPassedTests": 22,
  "numFailedTests": 77,
  "numPendingTests": 0,
  "numTodoTests": 0,
  "snapshot": {
    "added": 0,
    "failure": false,
    "filesAdded": 0,
    "filesRemoved": 0,
    "filesRemovedList": [],
    "filesUnmatched": 0,
    "filesUpdated": 0,
    "matched": 0,
    "total": 0,
    "unchecked": 0,
    "uncheckedKeysByFile": [],
    "unmatched": 0,
    "updated": 0,
    "didUpdate": false
  },
  "startTime": 1770669667688,
  "success": false,
  "testResults": [
    {
      "assertionResults": [
        {
          "ancestorTitles": ["Core Service Integration - Mobile Bridge", "PageService Integration"],
          "fullName": "Core Service Integration - Mobile Bridge PageService Integration should create page through mobile bridge",
          "status": "failed",
          "title": "should create page through mobile bridge",
          "duration": 3.9399589999999876,
          "failureMessages": [
            "DoubleBindError: A page with the title \"Welcome\" already exists\n    at PageRepository.create (/Users/j/repos/wt-DBB-417-integration-tests/packages/core/src/repositories/page-repository.ts:127:13)\n    at processTicksAndRejections (node:internal/process/task_queues:105:5)\n    at PageService.createPage (/Users/j/repos/wt-DBB-417-integration-tests/packages/core/src/services/page-service.ts:76:22)\n    at /Users/j/repos/wt-DBB-417-integration-tests/packages/mobile-primitives/test/integration/CoreServiceIntegration.test.ts:45:20\n    at file:///Users/j/repos/wt-DBB-417-integration-tests/node_modules/.pnpm/@vitest+runner@2.1.9/node_modules/@vitest/runner/dist/index.js:533:5\n    at runTest (file:///Users/j/repos/wt-DBB-417-integration-tests/node_modules/.pnpm/@vitest+runner@2.1.9/node_modules/@vitest/runner/dist/index.js:1056:11)\n    at runSuite (file:///Users/j/repos/wt-DBB-417-integration-tests/node_modules/.pnpm/@vitest+runner@2.1.9/node_modules/@vitest/runner/dist/index.js:1205:15)\n    at runSuite (file:///Users/j/repos/wt-DBB-417-integration-tests/node_modules/.pnpm/@vitest+runner@2.1.9/node_modules/@vitest/runner/dist/index.js:1205:15)\n    at runSuite (file:///Users/j/repos/wt-DBB-417-integration-tests/node_modules/.pnpm/@vitest+runner@2.1.9/node_modules/@vitest/runner/dist/index.js:1205:15)\n    at runFiles (file:///Users/j/repos/wt-DBB-417-integration-tests/node_modules/.pnpm/@vitest+runner@2.1.9/node_modules/@vitest/runner/dist/index.js:1262:5)"
          ],
          "meta": {}
        },
        {
          "ancestorTitles": ["Core Service Integration - Mobile Bridge", "PageService Integration"],
          "fullName": "Core Service Integration - Mobile Bridge PageService Integration should retrieve page with blocks through mobile bridge",
          "status": "failed",
          "title": "should retrieve page with blocks through mobile bridge",
          "duration": 1.0309579999999983,
          "failureMessages": [
            "AssertionError: expected 0 to be greater than 0\n    at /Users/j/repos/wt-DBB-417-integration-tests/packages/mobile-primitives/test/integration/CoreServiceIntegration.test.ts:66:37\n    at processTicksAndRejections (node:internal/process/task_queues:105:5)\n    at file:///Users/j/repos/wt-DBB-417-integration-tests/node_modules/.pnpm/@vitest+runner@2.1.9/node_modules/@vitest/runner/dist/index.js:533:5\n    at runTest (file:///Users/j/repos/wt-DBB-417-integration-tests/node_modules/.pnpm/@vitest+runner@2.1.9/node_modules/@vitest/runner/dist/index.js:1056:11)\n    at runSuite (file:///Users/j/repos/wt-DBB-417-integration-tests/node_modules/.pnpm/@vitest+runner@2.1.9/node_modules/@vitest/runner/dist/index.js:1205:15)\n    at runSuite (file:///Users/j/repos/wt-DBB-417-integration-tests/node_modules/.pnpm/@vitest+runner@2.1.9/node_modules/@vitest/runner/dist/index.js:1205:15)\n    at runSuite (file:///Users/j/repos/wt-DBB-417-integration-tests/node_modules/.pnpm/@vitest+runner@2.1.9/node_modules/@vitest/runner/dist/index.js:1205:15)\n    at runFiles (file:///Users/j/repos/wt-DBB-417-integration-tests/node_modules/.pnpm/@vitest+runner@2.1.9/node_modules/@vitest/runner/dist/index.js:1262:5)\n    at startTests (file:///Users/j/repos/wt-DBB-417-integration-tests/node_modules/.pnpm/@vitest+runner@2.1.9/node_modules/@vitest/runner/dist/index.js:1271:3)\n    at file:///Users/j/repos/wt-DBB-417-integration-tests/node_modules/.pnpm/vitest@2.1.9_@types+node@25.2.1_jsdom@28.0.0_terser@5.46.0/node_modules/vitest/dist/chunks/runBaseTests.3qpJUEJM.js:126:11"
          ],
          "meta": {}
        },
        {
          "ancestorTitles": ["Core Service Integration - Mobile Bridge", "PageService Integration"],
          "fullName": "Core Service Integration - Mobile Bridge PageService Integration should update page title through mobile bridge",
          "status": "failed",
          "title": "should update page title through mobile bridge",
          "duration": 0.20533399999999347,
          "failureMessages": [
            "TypeError: ctx.pageService.updatePage is not a function\n    at /Users/j/repos/wt-DBB-417-integration-tests/packages/mobile-primitives/test/integration/CoreServiceIntegration.test.ts:77:29\n    at file:///Users/j/repos/wt-DBB-417-integration-tests/node_modules/.pnpm/@vitest+runner@2.1.9/node_modules/@vitest/runner/dist/index.js:146:14\n    at file:///Users/j/repos/wt-DBB-417-integration-tests/node_modules/.pnpm/@vitest+runner@2.1.9/node_modules/@vitest/runner/dist/index.js:533:11\n    at runWithTimeout (file:///Users/j/repos/wt-DBB-417-integration-tests/node_modules/.pnpm/@vitest+runner@2.1.9/node_modules/@vitest/runner/dist/index.js:39:7)\n    at runTest (file:///Users/j/repos/wt-DBB-417-integration-tests/node_modules/.pnpm/@vitest+runner@2.1.9/node_modules/@vitest/runner/dist/index.js:1056:17)\n    at processTicksAndRejections (node:internal/process/task_queues:105:5)\n    at runSuite (file:///Users/j/repos/wt-DBB-417-integration-tests/node_modules/.pnpm/@vitest+runner@2.1.9/node_modules/@vitest/runner/dist/index.js:1205:15)\n    at runSuite (file:///Users/j/repos/wt-DBB-417-integration-tests/node_modules/.pnpm/@vitest+runner@2.1.9/node_modules/@vitest/runner/dist/index.js:1205:15)\n    at runSuite (file:///Users/j/repos/wt-DBB-417-integration-tests/node_modules/.pnpm/@vitest+runner@2.1.9/node_modules/@vitest/runner/dist/index.js:1205:15)\n    at runFiles (file:///Users/j/repos/wt-DBB-417-integration-tests/node_modules/.pnpm/@vitest+runner@2.1.9/node_modules/@vitest/runner/dist/index.js:1262:5)"
          ],
          "meta": {}
        },
        {
          "ancestorTitles": ["Core Service Integration - Mobile Bridge", "PageService Integration"],
          "fullName": "Core Service Integration - Mobile Bridge PageService Integration should delete page through mobile bridge",
          "status": "failed",
          "title": "should delete page through mobile bridge",
          "duration": 0.19287499999995816,
          "failureMessages": [
            "DoubleBindError: A page with the title \"Welcome\" already exists\n    at PageRepository.create (/Users/j/repos/wt-DBB-417-integration-tests/packages/core/src/repositories/page-repository.ts:127:13)\n    at processTicksAndRejections (node:internal/process/task_queues:105:5)\n    at PageService.createPage (/Users/j/repos/wt-DBB-417-integration-tests/packages/core/src/services/page-service.ts:76:22)\n    at /Users/j/repos/wt-DBB-417-integration-tests/packages/mobile-primitives/test/integration/CoreServiceIntegration.test.ts:86:20\n    at file:///Users/j/repos/wt-DBB-417-integration-tests/node_modules/.pnpm/@vitest+runner@2.1.9/node_modules/@vitest/runner/dist/index.js:533:5\n    at runTest (file:///Users/j/repos/wt-DBB-417-integration-tests/node_modules/.pnpm/@vitest+runner@2.1.9/node_modules/@vitest/runner/dist/index.js:1056:11)\n    at runSuite (file:///Users/j/repos/wt-DBB-417-integration-tests/node_modules/.pnpm/@vitest+runner@2.1.9/node_modules/@vitest/runner/dist/index.js:1205:15)\n    at runSuite (file:///Users/j/repos/wt-DBB-417-integration-tests/node_modules/.pnpm/@vitest+runner@2.1.9/node_modules/@vitest/runner/dist/index.js:1205:15)\n    at runSuite (file:///Users/j/repos/wt-DBB-417-integration-tests/node_modules/.pnpm/@vitest+runner@2.1.9/node_modules/@vitest/runner/dist/index.js:1205:15)\n    at runFiles (file:///Users/j/repos/wt-DBB-417-integration-tests/node_modules/.pnpm/@vitest+runner@2.1.9/node_modules/@vitest/runner/dist/index.js:1262:5)"
          ],
          "meta": {}
        },
        {
          "ancestorTitles": ["Core Service Integration - Mobile Bridge", "PageService Integration"],
          "fullName": "Core Service Integration - Mobile Bridge PageService Integration should get page backlinks through mobile bridge",
          "status": "failed",
          "title": "should get page backlinks through mobile bridge",
          "duration": 0.1566670000000272,
          "failureMessages": [
            "TypeError: ctx.pageService.getBacklinks is not a function\n    at /Users/j/repos/wt-DBB-417-integration-tests/packages/mobile-primitives/test/integration/CoreServiceIntegration.test.ts:106:47\n    at file:///Users/j/repos/wt-DBB-417-integration-tests/node_modules/.pnpm/@vitest+runner@2.1.9/node_modules/@vitest/runner/dist/index.js:146:14\n    at file:///Users/j/repos/wt-DBB-417-integration-tests/node_modules/.pnpm/@vitest+runner@2.1.9/node_modules/@vitest/runner/dist/index.js:533:11\n    at runWithTimeout (file:///Users/j/repos/wt-DBB-417-integration-tests/node_modules/.pnpm/@vitest+runner@2.1.9/node_modules/@vitest/runner/dist/index.js:39:7)\n    at runTest (file:///Users/j/repos/wt-DBB-417-integration-tests/node_modules/.pnpm/@vitest+runner@2.1.9/node_modules/@vitest/runner/dist/index.js:1056:17)\n    at processTicksAndRejections (node:internal/process/task_queues:105:5)\n    at runSuite (file:///Users/j/repos/wt-DBB-417-integration-tests/node_modules/.pnpm/@vitest+runner@2.1.9/node_modules/@vitest/runner/dist/index.js:1205:15)\n    at runSuite (file:///Users/j/repos/wt-DBB-417-integration-tests/node_modules/.pnpm/@vitest+runner@2.1.9/node_modules/@vitest/runner/dist/index.js:1205:15)\n    at runSuite (file:///Users/j/repos/wt-DBB-417-integration-tests/node_modules/.pnpm/@vitest+runner@2.1.9/node_modules/@vitest/runner/dist/index.js:1205:15)\n    at runFiles (file:///Users/j/repos/wt-DBB-417-integration-tests/node_modules/.pnpm/@vitest+runner@2.1.9/node_modules/@vitest/runner/dist/index.js:1262:5)"
          ],
          "meta": {}
        },
        {
          "ancestorTitles": ["Core Service Integration - Mobile Bridge", "PageService Integration"],
          "fullName": "Core Service Integration - Mobile Bridge PageService Integration should handle page creation with duplicate title",
          "status": "failed",
          "title": "should handle page creation with duplicate title",
          "duration": 0.1717909999999847,
          "failureMessages": [
            "DoubleBindError: A page with the title \"Welcome\" already exists\n    at PageRepository.create (/Users/j/repos/wt-DBB-417-integration-tests/packages/core/src/repositories/page-repository.ts:127:13)\n    at processTicksAndRejections (node:internal/process/task_queues:105:5)\n    at PageService.createPage (/Users/j/repos/wt-DBB-417-integration-tests/packages/core/src/services/page-service.ts:76:22)\n    at /Users/j/repos/wt-DBB-417-integration-tests/packages/mobile-primitives/test/integration/CoreServiceIntegration.test.ts:118:21\n    at file:///Users/j/repos/wt-DBB-417-integration-tests/node_modules/.pnpm/@vitest+runner@2.1.9/node_modules/@vitest/runner/dist/index.js:533:5\n    at runTest (file:///Users/j/repos/wt-DBB-417-integration-tests/node_modules/.pnpm/@vitest+runner@2.1.9/node_modules/@vitest/runner/dist/index.js:1056:11)\n    at runSuite (file:///Users/j/repos/wt-DBB-417-integration-tests/node_modules/.pnpm/@vitest+runner@2.1.9/node_modules/@vitest/runner/dist/index.js:1205:15)\n    at runSuite (file:///Users/j/repos/wt-DBB-417-integration-tests/node_modules/.pnpm/@vitest+runner@2.1.9/node_modules/@vitest/runner/dist/index.js:1205:15)\n    at runSuite (file:///Users/j/repos/wt-DBB-417-integration-tests/node_modules/.pnpm/@vitest+runner@2.1.9/node_modules/@vitest/runner/dist/index.js:1205:15)\n    at runFiles (file:///Users/j/repos/wt-DBB-417-integration-tests/node_modules/.pnpm/@vitest+runner@2.1.9/node_modules/@vitest/runner/dist/index.js:1262:5)"
          ],
          "meta": {}
        },
        {
          "ancestorTitles": [
            "Core Service Integration - Mobile Bridge",
            "BlockService Integration"
          ],
          "fullName": "Core Service Integration - Mobile Bridge BlockService Integration should create block through mobile bridge",
          "status": "failed",
          "title": "should create block through mobile bridge",
          "duration": 1.2632079999999632,
          "failureMessages": [
            "DoubleBindError: Failed to retrieve created block: 01KH225XSWS4MJH94086F98C8P\n    at BlockService.createBlock (/Users/j/repos/wt-DBB-417-integration-tests/packages/core/src/services/block-service.ts:150:15)\n    at processTicksAndRejections (node:internal/process/task_queues:105:5)\n    at /Users/j/repos/wt-DBB-417-integration-tests/packages/mobile-primitives/test/integration/CoreServiceIntegration.test.ts:142:21\n    at file:///Users/j/repos/wt-DBB-417-integration-tests/node_modules/.pnpm/@vitest+runner@2.1.9/node_modules/@vitest/runner/dist/index.js:533:5\n    at runTest (file:///Users/j/repos/wt-DBB-417-integration-tests/node_modules/.pnpm/@vitest+runner@2.1.9/node_modules/@vitest/runner/dist/index.js:1056:11)\n    at runSuite (file:///Users/j/repos/wt-DBB-417-integration-tests/node_modules/.pnpm/@vitest+runner@2.1.9/node_modules/@vitest/runner/dist/index.js:1205:15)\n    at runSuite (file:///Users/j/repos/wt-DBB-417-integration-tests/node_modules/.pnpm/@vitest+runner@2.1.9/node_modules/@vitest/runner/dist/index.js:1205:15)\n    at runSuite (file:///Users/j/repos/wt-DBB-417-integration-tests/node_modules/.pnpm/@vitest+runner@2.1.9/node_modules/@vitest/runner/dist/index.js:1205:15)\n    at runFiles (file:///Users/j/repos/wt-DBB-417-integration-tests/node_modules/.pnpm/@vitest+runner@2.1.9/node_modules/@vitest/runner/dist/index.js:1262:5)\n    at startTests (file:///Users/j/repos/wt-DBB-417-integration-tests/node_modules/.pnpm/@vitest+runner@2.1.9/node_modules/@vitest/runner/dist/index.js:1271:3)"
          ],
          "meta": {}
        },
        {
          "ancestorTitles": [
            "Core Service Integration - Mobile Bridge",
            "BlockService Integration"
          ],
          "fullName": "Core Service Integration - Mobile Bridge BlockService Integration should update block content through mobile bridge",
          "status": "failed",
          "title": "should update block content through mobile bridge",
          "duration": 3.155417,
          "failureMessages": [
            "AssertionError: expected 'Welcome to [[Getting Started]]' to be 'Updated from mobile' // Object.is equality\n    at /Users/j/repos/wt-DBB-417-integration-tests/packages/mobile-primitives/test/integration/CoreServiceIntegration.test.ts:164:30\n    at processTicksAndRejections (node:internal/process/task_queues:105:5)\n    at file:///Users/j/repos/wt-DBB-417-integration-tests/node_modules/.pnpm/@vitest+runner@2.1.9/node_modules/@vitest/runner/dist/index.js:533:5\n    at runTest (file:///Users/j/repos/wt-DBB-417-integration-tests/node_modules/.pnpm/@vitest+runner@2.1.9/node_modules/@vitest/runner/dist/index.js:1056:11)\n    at runSuite (file:///Users/j/repos/wt-DBB-417-integration-tests/node_modules/.pnpm/@vitest+runner@2.1.9/node_modules/@vitest/runner/dist/index.js:1205:15)\n    at runSuite (file:///Users/j/repos/wt-DBB-417-integration-tests/node_modules/.pnpm/@vitest+runner@2.1.9/node_modules/@vitest/runner/dist/index.js:1205:15)\n    at runSuite (file:///Users/j/repos/wt-DBB-417-integration-tests/node_modules/.pnpm/@vitest+runner@2.1.9/node_modules/@vitest/runner/dist/index.js:1205:15)\n    at runFiles (file:///Users/j/repos/wt-DBB-417-integration-tests/node_modules/.pnpm/@vitest+runner@2.1.9/node_modules/@vitest/runner/dist/index.js:1262:5)\n    at startTests (file:///Users/j/repos/wt-DBB-417-integration-tests/node_modules/.pnpm/@vitest+runner@2.1.9/node_modules/@vitest/runner/dist/index.js:1271:3)\n    at file:///Users/j/repos/wt-DBB-417-integration-tests/node_modules/.pnpm/vitest@2.1.9_@types+node@25.2.1_jsdom@28.0.0_terser@5.46.0/node_modules/vitest/dist/chunks/runBaseTests.3qpJUEJM.js:126:11"
          ],
          "meta": {}
        },
        {
          "ancestorTitles": [
            "Core Service Integration - Mobile Bridge",
            "BlockService Integration"
          ],
          "fullName": "Core Service Integration - Mobile Bridge BlockService Integration should delete block through mobile bridge",
          "status": "failed",
          "title": "should delete block through mobile bridge",
          "duration": 0.3323750000000132,
          "failureMessages": [
            "DoubleBindError: Failed to retrieve created block: 01KH225XT1GTD5JQN21BV5PTAT\n    at BlockService.createBlock (/Users/j/repos/wt-DBB-417-integration-tests/packages/core/src/services/block-service.ts:150:15)\n    at processTicksAndRejections (node:internal/process/task_queues:105:5)\n    at /Users/j/repos/wt-DBB-417-integration-tests/packages/mobile-primitives/test/integration/CoreServiceIntegration.test.ts:169:21\n    at file:///Users/j/repos/wt-DBB-417-integration-tests/node_modules/.pnpm/@vitest+runner@2.1.9/node_modules/@vitest/runner/dist/index.js:533:5\n    at runTest (file:///Users/j/repos/wt-DBB-417-integration-tests/node_modules/.pnpm/@vitest+runner@2.1.9/node_modules/@vitest/runner/dist/index.js:1056:11)\n    at runSuite (file:///Users/j/repos/wt-DBB-417-integration-tests/node_modules/.pnpm/@vitest+runner@2.1.9/node_modules/@vitest/runner/dist/index.js:1205:15)\n    at runSuite (file:///Users/j/repos/wt-DBB-417-integration-tests/node_modules/.pnpm/@vitest+runner@2.1.9/node_modules/@vitest/runner/dist/index.js:1205:15)\n    at runSuite (file:///Users/j/repos/wt-DBB-417-integration-tests/node_modules/.pnpm/@vitest+runner@2.1.9/node_modules/@vitest/runner/dist/index.js:1205:15)\n    at runFiles (file:///Users/j/repos/wt-DBB-417-integration-tests/node_modules/.pnpm/@vitest+runner@2.1.9/node_modules/@vitest/runner/dist/index.js:1262:5)\n    at startTests (file:///Users/j/repos/wt-DBB-417-integration-tests/node_modules/.pnpm/@vitest+runner@2.1.9/node_modules/@vitest/runner/dist/index.js:1271:3)"
          ],
          "meta": {}
        },
        {
          "ancestorTitles": [
            "Core Service Integration - Mobile Bridge",
            "BlockService Integration"
          ],
          "fullName": "Core Service Integration - Mobile Bridge BlockService Integration should create nested blocks through mobile bridge",
          "status": "failed",
          "title": "should create nested blocks through mobile bridge",
          "duration": 0.24945900000000165,
          "failureMessages": [
            "DoubleBindError: Failed to retrieve created block: 01KH225XT11N54QH0WEV8M9CQM\n    at BlockService.createBlock (/Users/j/repos/wt-DBB-417-integration-tests/packages/core/src/services/block-service.ts:150:15)\n    at processTicksAndRejections (node:internal/process/task_queues:105:5)\n    at /Users/j/repos/wt-DBB-417-integration-tests/packages/mobile-primitives/test/integration/CoreServiceIntegration.test.ts:186:27\n    at file:///Users/j/repos/wt-DBB-417-integration-tests/node_modules/.pnpm/@vitest+runner@2.1.9/node_modules/@vitest/runner/dist/index.js:533:5\n    at runTest (file:///Users/j/repos/wt-DBB-417-integration-tests/node_modules/.pnpm/@vitest+runner@2.1.9/node_modules/@vitest/runner/dist/index.js:1056:11)\n    at runSuite (file:///Users/j/repos/wt-DBB-417-integration-tests/node_modules/.pnpm/@vitest+runner@2.1.9/node_modules/@vitest/runner/dist/index.js:1205:15)\n    at runSuite (file:///Users/j/repos/wt-DBB-417-integration-tests/node_modules/.pnpm/@vitest+runner@2.1.9/node_modules/@vitest/runner/dist/index.js:1205:15)\n    at runSuite (file:///Users/j/repos/wt-DBB-417-integration-tests/node_modules/.pnpm/@vitest+runner@2.1.9/node_modules/@vitest/runner/dist/index.js:1205:15)\n    at runFiles (file:///Users/j/repos/wt-DBB-417-integration-tests/node_modules/.pnpm/@vitest+runner@2.1.9/node_modules/@vitest/runner/dist/index.js:1262:5)\n    at startTests (file:///Users/j/repos/wt-DBB-417-integration-tests/node_modules/.pnpm/@vitest+runner@2.1.9/node_modules/@vitest/runner/dist/index.js:1271:3)"
          ],
          "meta": {}
        },
        {
          "ancestorTitles": [
            "Core Service Integration - Mobile Bridge",
            "BlockService Integration"
          ],
          "fullName": "Core Service Integration - Mobile Bridge BlockService Integration should indent and outdent blocks through mobile bridge",
          "status": "failed",
          "title": "should indent and outdent blocks through mobile bridge",
          "duration": 0.23145799999997507,
          "failureMessages": [
            "DoubleBindError: Failed to retrieve created block: 01KH225XT125X3Q386AH32RP9M\n    at BlockService.createBlock (/Users/j/repos/wt-DBB-417-integration-tests/packages/core/src/services/block-service.ts:150:15)\n    at processTicksAndRejections (node:internal/process/task_queues:105:5)\n    at /Users/j/repos/wt-DBB-417-integration-tests/packages/mobile-primitives/test/integration/CoreServiceIntegration.test.ts:210:22\n    at file:///Users/j/repos/wt-DBB-417-integration-tests/node_modules/.pnpm/@vitest+runner@2.1.9/node_modules/@vitest/runner/dist/index.js:533:5\n    at runTest (file:///Users/j/repos/wt-DBB-417-integration-tests/node_modules/.pnpm/@vitest+runner@2.1.9/node_modules/@vitest/runner/dist/index.js:1056:11)\n    at runSuite (file:///Users/j/repos/wt-DBB-417-integration-tests/node_modules/.pnpm/@vitest+runner@2.1.9/node_modules/@vitest/runner/dist/index.js:1205:15)\n    at runSuite (file:///Users/j/repos/wt-DBB-417-integration-tests/node_modules/.pnpm/@vitest+runner@2.1.9/node_modules/@vitest/runner/dist/index.js:1205:15)\n    at runSuite (file:///Users/j/repos/wt-DBB-417-integration-tests/node_modules/.pnpm/@vitest+runner@2.1.9/node_modules/@vitest/runner/dist/index.js:1205:15)\n    at runFiles (file:///Users/j/repos/wt-DBB-417-integration-tests/node_modules/.pnpm/@vitest+runner@2.1.9/node_modules/@vitest/runner/dist/index.js:1262:5)\n    at startTests (file:///Users/j/repos/wt-DBB-417-integration-tests/node_modules/.pnpm/@vitest+runner@2.1.9/node_modules/@vitest/runner/dist/index.js:1271:3)"
          ],
          "meta": {}
        },
        {
          "ancestorTitles": [
            "Core Service Integration - Mobile Bridge",
            "BlockService Integration"
          ],
          "fullName": "Core Service Integration - Mobile Bridge BlockService Integration should extract wiki links from block content",
          "status": "failed",
          "title": "should extract wiki links from block content",
          "duration": 0.33970799999997325,
          "failureMessages": [
            "DoubleBindError: A page with the title \"Welcome\" already exists\n    at PageRepository.create (/Users/j/repos/wt-DBB-417-integration-tests/packages/core/src/repositories/page-repository.ts:127:13)\n    at processTicksAndRejections (node:internal/process/task_queues:105:5)\n    at PageRepository.getOrCreateByTitle (/Users/j/repos/wt-DBB-417-integration-tests/packages/core/src/repositories/page-repository.ts:301:20)\n    at BlockService.syncParsedContent (/Users/j/repos/wt-DBB-417-integration-tests/packages/core/src/services/block-service.ts:827:26)\n    at BlockService.createBlock (/Users/j/repos/wt-DBB-417-integration-tests/packages/core/src/services/block-service.ts:145:7)\n    at /Users/j/repos/wt-DBB-417-integration-tests/packages/mobile-primitives/test/integration/CoreServiceIntegration.test.ts:239:21\n    at file:///Users/j/repos/wt-DBB-417-integration-tests/node_modules/.pnpm/@vitest+runner@2.1.9/node_modules/@vitest/runner/dist/index.js:533:5\n    at runTest (file:///Users/j/repos/wt-DBB-417-integration-tests/node_modules/.pnpm/@vitest+runner@2.1.9/node_modules/@vitest/runner/dist/index.js:1056:11)\n    at runSuite (file:///Users/j/repos/wt-DBB-417-integration-tests/node_modules/.pnpm/@vitest+runner@2.1.9/node_modules/@vitest/runner/dist/index.js:1205:15)\n    at runSuite (file:///Users/j/repos/wt-DBB-417-integration-tests/node_modules/.pnpm/@vitest+runner@2.1.9/node_modules/@vitest/runner/dist/index.js:1205:15)"
          ],
          "meta": {}
        },
        {
          "ancestorTitles": [
            "Core Service Integration - Mobile Bridge",
            "GraphService Integration"
          ],
          "fullName": "Core Service Integration - Mobile Bridge GraphService Integration should get graph data for page through mobile bridge",
          "status": "passed",
          "title": "should get graph data for page through mobile bridge",
          "duration": 0.4216250000000059,
          "failureMessages": [],
          "meta": {}
        },
        {
          "ancestorTitles": [
            "Core Service Integration - Mobile Bridge",
            "GraphService Integration"
          ],
          "fullName": "Core Service Integration - Mobile Bridge GraphService Integration should get full graph through mobile bridge",
          "status": "passed",
          "title": "should get full graph through mobile bridge",
          "duration": 0.20724999999998772,
          "failureMessages": [],
          "meta": {}
        },
        {
          "ancestorTitles": [
            "Core Service Integration - Mobile Bridge",
            "GraphService Integration"
          ],
          "fullName": "Core Service Integration - Mobile Bridge GraphService Integration should suggest links through mobile bridge",
          "status": "failed",
          "title": "should suggest links through mobile bridge",
          "duration": 0.27745799999996734,
          "failureMessages": [
            "TypeError: ctx.graphService.suggestLinks is not a function\n    at /Users/j/repos/wt-DBB-417-integration-tests/packages/mobile-primitives/test/integration/CoreServiceIntegration.test.ts:284:50\n    at file:///Users/j/repos/wt-DBB-417-integration-tests/node_modules/.pnpm/@vitest+runner@2.1.9/node_modules/@vitest/runner/dist/index.js:146:14\n    at file:///Users/j/repos/wt-DBB-417-integration-tests/node_modules/.pnpm/@vitest+runner@2.1.9/node_modules/@vitest/runner/dist/index.js:533:11\n    at runWithTimeout (file:///Users/j/repos/wt-DBB-417-integration-tests/node_modules/.pnpm/@vitest+runner@2.1.9/node_modules/@vitest/runner/dist/index.js:39:7)\n    at runTest (file:///Users/j/repos/wt-DBB-417-integration-tests/node_modules/.pnpm/@vitest+runner@2.1.9/node_modules/@vitest/runner/dist/index.js:1056:17)\n    at processTicksAndRejections (node:internal/process/task_queues:105:5)\n    at runSuite (file:///Users/j/repos/wt-DBB-417-integration-tests/node_modules/.pnpm/@vitest+runner@2.1.9/node_modules/@vitest/runner/dist/index.js:1205:15)\n    at runSuite (file:///Users/j/repos/wt-DBB-417-integration-tests/node_modules/.pnpm/@vitest+runner@2.1.9/node_modules/@vitest/runner/dist/index.js:1205:15)\n    at runSuite (file:///Users/j/repos/wt-DBB-417-integration-tests/node_modules/.pnpm/@vitest+runner@2.1.9/node_modules/@vitest/runner/dist/index.js:1205:15)\n    at runFiles (file:///Users/j/repos/wt-DBB-417-integration-tests/node_modules/.pnpm/@vitest+runner@2.1.9/node_modules/@vitest/runner/dist/index.js:1262:5)"
          ],
          "meta": {}
        },
        {
          "ancestorTitles": [
            "Core Service Integration - Mobile Bridge",
            "Cross-Service Integration"
          ],
          "fullName": "Core Service Integration - Mobile Bridge Cross-Service Integration should create page with blocks atomically",
          "status": "failed",
          "title": "should create page with blocks atomically",
          "duration": 0.1720409999999788,
          "failureMessages": [
            "DoubleBindError: A page with the title \"Welcome\" already exists\n    at PageRepository.create (/Users/j/repos/wt-DBB-417-integration-tests/packages/core/src/repositories/page-repository.ts:127:13)\n    at processTicksAndRejections (node:internal/process/task_queues:105:5)\n    at PageService.createPage (/Users/j/repos/wt-DBB-417-integration-tests/packages/core/src/services/page-service.ts:76:22)\n    at /Users/j/repos/wt-DBB-417-integration-tests/packages/mobile-primitives/test/integration/CoreServiceIntegration.test.ts:300:20\n    at file:///Users/j/repos/wt-DBB-417-integration-tests/node_modules/.pnpm/@vitest+runner@2.1.9/node_modules/@vitest/runner/dist/index.js:533:5\n    at runTest (file:///Users/j/repos/wt-DBB-417-integration-tests/node_modules/.pnpm/@vitest+runner@2.1.9/node_modules/@vitest/runner/dist/index.js:1056:11)\n    at runSuite (file:///Users/j/repos/wt-DBB-417-integration-tests/node_modules/.pnpm/@vitest+runner@2.1.9/node_modules/@vitest/runner/dist/index.js:1205:15)\n    at runSuite (file:///Users/j/repos/wt-DBB-417-integration-tests/node_modules/.pnpm/@vitest+runner@2.1.9/node_modules/@vitest/runner/dist/index.js:1205:15)\n    at runSuite (file:///Users/j/repos/wt-DBB-417-integration-tests/node_modules/.pnpm/@vitest+runner@2.1.9/node_modules/@vitest/runner/dist/index.js:1205:15)\n    at runFiles (file:///Users/j/repos/wt-DBB-417-integration-tests/node_modules/.pnpm/@vitest+runner@2.1.9/node_modules/@vitest/runner/dist/index.js:1262:5)"
          ],
          "meta": {}
        },
        {
          "ancestorTitles": [
            "Core Service Integration - Mobile Bridge",
            "Cross-Service Integration"
          ],
          "fullName": "Core Service Integration - Mobile Bridge Cross-Service Integration should update graph when creating wiki links",
          "status": "failed",
          "title": "should update graph when creating wiki links",
          "duration": 0.14012500000001182,
          "failureMessages": [
            "DoubleBindError: A page with the title \"Welcome\" already exists\n    at PageRepository.create (/Users/j/repos/wt-DBB-417-integration-tests/packages/core/src/repositories/page-repository.ts:127:13)\n    at processTicksAndRejections (node:internal/process/task_queues:105:5)\n    at PageService.createPage (/Users/j/repos/wt-DBB-417-integration-tests/packages/core/src/services/page-service.ts:76:22)\n    at /Users/j/repos/wt-DBB-417-integration-tests/packages/mobile-primitives/test/integration/CoreServiceIntegration.test.ts:316:21\n    at file:///Users/j/repos/wt-DBB-417-integration-tests/node_modules/.pnpm/@vitest+runner@2.1.9/node_modules/@vitest/runner/dist/index.js:533:5\n    at runTest (file:///Users/j/repos/wt-DBB-417-integration-tests/node_modules/.pnpm/@vitest+runner@2.1.9/node_modules/@vitest/runner/dist/index.js:1056:11)\n    at runSuite (file:///Users/j/repos/wt-DBB-417-integration-tests/node_modules/.pnpm/@vitest+runner@2.1.9/node_modules/@vitest/runner/dist/index.js:1205:15)\n    at runSuite (file:///Users/j/repos/wt-DBB-417-integration-tests/node_modules/.pnpm/@vitest+runner@2.1.9/node_modules/@vitest/runner/dist/index.js:1205:15)\n    at runSuite (file:///Users/j/repos/wt-DBB-417-integration-tests/node_modules/.pnpm/@vitest+runner@2.1.9/node_modules/@vitest/runner/dist/index.js:1205:15)\n    at runFiles (file:///Users/j/repos/wt-DBB-417-integration-tests/node_modules/.pnpm/@vitest+runner@2.1.9/node_modules/@vitest/runner/dist/index.js:1262:5)"
          ],
          "meta": {}
        },
        {
          "ancestorTitles": [
            "Core Service Integration - Mobile Bridge",
            "Cross-Service Integration"
          ],
          "fullName": "Core Service Integration - Mobile Bridge Cross-Service Integration should maintain referential integrity on page deletion",
          "status": "failed",
          "title": "should maintain referential integrity on page deletion",
          "duration": 0.13633299999997917,
          "failureMessages": [
            "DoubleBindError: A page with the title \"Welcome\" already exists\n    at PageRepository.create (/Users/j/repos/wt-DBB-417-integration-tests/packages/core/src/repositories/page-repository.ts:127:13)\n    at processTicksAndRejections (node:internal/process/task_queues:105:5)\n    at PageService.createPage (/Users/j/repos/wt-DBB-417-integration-tests/packages/core/src/services/page-service.ts:76:22)\n    at /Users/j/repos/wt-DBB-417-integration-tests/packages/mobile-primitives/test/integration/CoreServiceIntegration.test.ts:332:20\n    at file:///Users/j/repos/wt-DBB-417-integration-tests/node_modules/.pnpm/@vitest+runner@2.1.9/node_modules/@vitest/runner/dist/index.js:533:5\n    at runTest (file:///Users/j/repos/wt-DBB-417-integration-tests/node_modules/.pnpm/@vitest+runner@2.1.9/node_modules/@vitest/runner/dist/index.js:1056:11)\n    at runSuite (file:///Users/j/repos/wt-DBB-417-integration-tests/node_modules/.pnpm/@vitest+runner@2.1.9/node_modules/@vitest/runner/dist/index.js:1205:15)\n    at runSuite (file:///Users/j/repos/wt-DBB-417-integration-tests/node_modules/.pnpm/@vitest+runner@2.1.9/node_modules/@vitest/runner/dist/index.js:1205:15)\n    at runSuite (file:///Users/j/repos/wt-DBB-417-integration-tests/node_modules/.pnpm/@vitest+runner@2.1.9/node_modules/@vitest/runner/dist/index.js:1205:15)\n    at runFiles (file:///Users/j/repos/wt-DBB-417-integration-tests/node_modules/.pnpm/@vitest+runner@2.1.9/node_modules/@vitest/runner/dist/index.js:1262:5)"
          ],
          "meta": {}
        },
        {
          "ancestorTitles": [
            "Core Service Integration - Mobile Bridge",
            "Mobile Lifecycle Integration"
          ],
          "fullName": "Core Service Integration - Mobile Bridge Mobile Lifecycle Integration should handle mobile app suspend/resume",
          "status": "failed",
          "title": "should handle mobile app suspend/resume",
          "duration": 0.13550000000003593,
          "failureMessages": [
            "DoubleBindError: A page with the title \"Welcome\" already exists\n    at PageRepository.create (/Users/j/repos/wt-DBB-417-integration-tests/packages/core/src/repositories/page-repository.ts:127:13)\n    at processTicksAndRejections (node:internal/process/task_queues:105:5)\n    at PageService.createPage (/Users/j/repos/wt-DBB-417-integration-tests/packages/core/src/services/page-service.ts:76:22)\n    at /Users/j/repos/wt-DBB-417-integration-tests/packages/mobile-primitives/test/integration/CoreServiceIntegration.test.ts:352:20\n    at file:///Users/j/repos/wt-DBB-417-integration-tests/node_modules/.pnpm/@vitest+runner@2.1.9/node_modules/@vitest/runner/dist/index.js:533:5\n    at runTest (file:///Users/j/repos/wt-DBB-417-integration-tests/node_modules/.pnpm/@vitest+runner@2.1.9/node_modules/@vitest/runner/dist/index.js:1056:11)\n    at runSuite (file:///Users/j/repos/wt-DBB-417-integration-tests/node_modules/.pnpm/@vitest+runner@2.1.9/node_modules/@vitest/runner/dist/index.js:1205:15)\n    at runSuite (file:///Users/j/repos/wt-DBB-417-integration-tests/node_modules/.pnpm/@vitest+runner@2.1.9/node_modules/@vitest/runner/dist/index.js:1205:15)\n    at runSuite (file:///Users/j/repos/wt-DBB-417-integration-tests/node_modules/.pnpm/@vitest+runner@2.1.9/node_modules/@vitest/runner/dist/index.js:1205:15)\n    at runFiles (file:///Users/j/repos/wt-DBB-417-integration-tests/node_modules/.pnpm/@vitest+runner@2.1.9/node_modules/@vitest/runner/dist/index.js:1262:5)"
          ],
          "meta": {}
        },
        {
          "ancestorTitles": [
            "Core Service Integration - Mobile Bridge",
            "Mobile Lifecycle Integration"
          ],
          "fullName": "Core Service Integration - Mobile Bridge Mobile Lifecycle Integration should handle mobile memory pressure",
          "status": "failed",
          "title": "should handle mobile memory pressure",
          "duration": 0.14058299999999235,
          "failureMessages": [
            "DoubleBindError: A page with the title \"Welcome\" already exists\n    at PageRepository.create (/Users/j/repos/wt-DBB-417-integration-tests/packages/core/src/repositories/page-repository.ts:127:13)\n    at processTicksAndRejections (node:internal/process/task_queues:105:5)\n    at PageService.createPage (/Users/j/repos/wt-DBB-417-integration-tests/packages/core/src/services/page-service.ts:76:22)\n    at /Users/j/repos/wt-DBB-417-integration-tests/packages/mobile-primitives/test/integration/CoreServiceIntegration.test.ts:373:22\n    at file:///Users/j/repos/wt-DBB-417-integration-tests/node_modules/.pnpm/@vitest+runner@2.1.9/node_modules/@vitest/runner/dist/index.js:533:5\n    at runTest (file:///Users/j/repos/wt-DBB-417-integration-tests/node_modules/.pnpm/@vitest+runner@2.1.9/node_modules/@vitest/runner/dist/index.js:1056:11)\n    at runSuite (file:///Users/j/repos/wt-DBB-417-integration-tests/node_modules/.pnpm/@vitest+runner@2.1.9/node_modules/@vitest/runner/dist/index.js:1205:15)\n    at runSuite (file:///Users/j/repos/wt-DBB-417-integration-tests/node_modules/.pnpm/@vitest+runner@2.1.9/node_modules/@vitest/runner/dist/index.js:1205:15)\n    at runSuite (file:///Users/j/repos/wt-DBB-417-integration-tests/node_modules/.pnpm/@vitest+runner@2.1.9/node_modules/@vitest/runner/dist/index.js:1205:15)\n    at runFiles (file:///Users/j/repos/wt-DBB-417-integration-tests/node_modules/.pnpm/@vitest+runner@2.1.9/node_modules/@vitest/runner/dist/index.js:1262:5)"
          ],
          "meta": {}
        },
        {
          "ancestorTitles": [
            "Core Service Integration - Mobile Bridge",
            "Touch Gesture Integration"
          ],
          "fullName": "Core Service Integration - Mobile Bridge Touch Gesture Integration should handle long-press gesture to select block",
          "status": "passed",
          "title": "should handle long-press gesture to select block",
          "duration": 0.8372499999999832,
          "failureMessages": [],
          "meta": {}
        },
        {
          "ancestorTitles": [
            "Core Service Integration - Mobile Bridge",
            "Touch Gesture Integration"
          ],
          "fullName": "Core Service Integration - Mobile Bridge Touch Gesture Integration should handle swipe gesture to delete block",
          "status": "failed",
          "title": "should handle swipe gesture to delete block",
          "duration": 0.3003339999999639,
          "failureMessages": [
            "DoubleBindError: Failed to retrieve created block: 01KH225XT4EAPV8K30J6T2E6A3\n    at BlockService.createBlock (/Users/j/repos/wt-DBB-417-integration-tests/packages/core/src/services/block-service.ts:150:15)\n    at processTicksAndRejections (node:internal/process/task_queues:105:5)\n    at /Users/j/repos/wt-DBB-417-integration-tests/packages/mobile-primitives/test/integration/CoreServiceIntegration.test.ts:408:21\n    at file:///Users/j/repos/wt-DBB-417-integration-tests/node_modules/.pnpm/@vitest+runner@2.1.9/node_modules/@vitest/runner/dist/index.js:533:5\n    at runTest (file:///Users/j/repos/wt-DBB-417-integration-tests/node_modules/.pnpm/@vitest+runner@2.1.9/node_modules/@vitest/runner/dist/index.js:1056:11)\n    at runSuite (file:///Users/j/repos/wt-DBB-417-integration-tests/node_modules/.pnpm/@vitest+runner@2.1.9/node_modules/@vitest/runner/dist/index.js:1205:15)\n    at runSuite (file:///Users/j/repos/wt-DBB-417-integration-tests/node_modules/.pnpm/@vitest+runner@2.1.9/node_modules/@vitest/runner/dist/index.js:1205:15)\n    at runSuite (file:///Users/j/repos/wt-DBB-417-integration-tests/node_modules/.pnpm/@vitest+runner@2.1.9/node_modules/@vitest/runner/dist/index.js:1205:15)\n    at runFiles (file:///Users/j/repos/wt-DBB-417-integration-tests/node_modules/.pnpm/@vitest+runner@2.1.9/node_modules/@vitest/runner/dist/index.js:1262:5)\n    at startTests (file:///Users/j/repos/wt-DBB-417-integration-tests/node_modules/.pnpm/@vitest+runner@2.1.9/node_modules/@vitest/runner/dist/index.js:1271:3)"
          ],
          "meta": {}
        },
        {
          "ancestorTitles": [
            "Core Service Integration - Mobile Bridge",
            "Touch Gesture Integration"
          ],
          "fullName": "Core Service Integration - Mobile Bridge Touch Gesture Integration should handle drag gesture to reorder blocks",
          "status": "failed",
          "title": "should handle drag gesture to reorder blocks",
          "duration": 0.21395800000004783,
          "failureMessages": [
            "DoubleBindError: Failed to retrieve created block: 01KH225XT5A3S1KNKW7QXPPW0Y\n    at BlockService.createBlock (/Users/j/repos/wt-DBB-417-integration-tests/packages/core/src/services/block-service.ts:150:15)\n    at processTicksAndRejections (node:internal/process/task_queues:105:5)\n    at /Users/j/repos/wt-DBB-417-integration-tests/packages/mobile-primitives/test/integration/CoreServiceIntegration.test.ts:432:22\n    at file:///Users/j/repos/wt-DBB-417-integration-tests/node_modules/.pnpm/@vitest+runner@2.1.9/node_modules/@vitest/runner/dist/index.js:533:5\n    at runTest (file:///Users/j/repos/wt-DBB-417-integration-tests/node_modules/.pnpm/@vitest+runner@2.1.9/node_modules/@vitest/runner/dist/index.js:1056:11)\n    at runSuite (file:///Users/j/repos/wt-DBB-417-integration-tests/node_modules/.pnpm/@vitest+runner@2.1.9/node_modules/@vitest/runner/dist/index.js:1205:15)\n    at runSuite (file:///Users/j/repos/wt-DBB-417-integration-tests/node_modules/.pnpm/@vitest+runner@2.1.9/node_modules/@vitest/runner/dist/index.js:1205:15)\n    at runSuite (file:///Users/j/repos/wt-DBB-417-integration-tests/node_modules/.pnpm/@vitest+runner@2.1.9/node_modules/@vitest/runner/dist/index.js:1205:15)\n    at runFiles (file:///Users/j/repos/wt-DBB-417-integration-tests/node_modules/.pnpm/@vitest+runner@2.1.9/node_modules/@vitest/runner/dist/index.js:1262:5)\n    at startTests (file:///Users/j/repos/wt-DBB-417-integration-tests/node_modules/.pnpm/@vitest+runner@2.1.9/node_modules/@vitest/runner/dist/index.js:1271:3)"
          ],
          "meta": {}
        },
        {
          "ancestorTitles": ["Core Service Integration - Mobile Bridge", "Error Handling"],
          "fullName": "Core Service Integration - Mobile Bridge Error Handling should handle invalid page ID gracefully",
          "status": "failed",
          "title": "should handle invalid page ID gracefully",
          "duration": 0.1864999999999668,
          "failureMessages": [
            "DoubleBindError: Page not found: non-existent-page\n    at PageService.getPageWithBlocks (/Users/j/repos/wt-DBB-417-integration-tests/packages/core/src/services/page-service.ts:118:15)\n    at processTicksAndRejections (node:internal/process/task_queues:105:5)\n    at /Users/j/repos/wt-DBB-417-integration-tests/packages/mobile-primitives/test/integration/CoreServiceIntegration.test.ts:457:22\n    at file:///Users/j/repos/wt-DBB-417-integration-tests/node_modules/.pnpm/@vitest+runner@2.1.9/node_modules/@vitest/runner/dist/index.js:533:5\n    at runTest (file:///Users/j/repos/wt-DBB-417-integration-tests/node_modules/.pnpm/@vitest+runner@2.1.9/node_modules/@vitest/runner/dist/index.js:1056:11)\n    at runSuite (file:///Users/j/repos/wt-DBB-417-integration-tests/node_modules/.pnpm/@vitest+runner@2.1.9/node_modules/@vitest/runner/dist/index.js:1205:15)\n    at runSuite (file:///Users/j/repos/wt-DBB-417-integration-tests/node_modules/.pnpm/@vitest+runner@2.1.9/node_modules/@vitest/runner/dist/index.js:1205:15)\n    at runSuite (file:///Users/j/repos/wt-DBB-417-integration-tests/node_modules/.pnpm/@vitest+runner@2.1.9/node_modules/@vitest/runner/dist/index.js:1205:15)\n    at runFiles (file:///Users/j/repos/wt-DBB-417-integration-tests/node_modules/.pnpm/@vitest+runner@2.1.9/node_modules/@vitest/runner/dist/index.js:1262:5)\n    at startTests (file:///Users/j/repos/wt-DBB-417-integration-tests/node_modules/.pnpm/@vitest+runner@2.1.9/node_modules/@vitest/runner/dist/index.js:1271:3)"
          ],
          "meta": {}
        },
        {
          "ancestorTitles": ["Core Service Integration - Mobile Bridge", "Error Handling"],
          "fullName": "Core Service Integration - Mobile Bridge Error Handling should handle invalid block ID gracefully",
          "status": "passed",
          "title": "should handle invalid block ID gracefully",
          "duration": 0.1022090000000162,
          "failureMessages": [],
          "meta": {}
        },
        {
          "ancestorTitles": ["Core Service Integration - Mobile Bridge", "Error Handling"],
          "fullName": "Core Service Integration - Mobile Bridge Error Handling should handle concurrent operations on same block",
          "status": "failed",
          "title": "should handle concurrent operations on same block",
          "duration": 0.262833999999998,
          "failureMessages": [
            "DoubleBindError: Failed to retrieve created block: 01KH225XT5DFAFXZMT0TFA16T4\n    at BlockService.createBlock (/Users/j/repos/wt-DBB-417-integration-tests/packages/core/src/services/block-service.ts:150:15)\n    at processTicksAndRejections (node:internal/process/task_queues:105:5)\n    at /Users/j/repos/wt-DBB-417-integration-tests/packages/mobile-primitives/test/integration/CoreServiceIntegration.test.ts:470:21\n    at file:///Users/j/repos/wt-DBB-417-integration-tests/node_modules/.pnpm/@vitest+runner@2.1.9/node_modules/@vitest/runner/dist/index.js:533:5\n    at runTest (file:///Users/j/repos/wt-DBB-417-integration-tests/node_modules/.pnpm/@vitest+runner@2.1.9/node_modules/@vitest/runner/dist/index.js:1056:11)\n    at runSuite (file:///Users/j/repos/wt-DBB-417-integration-tests/node_modules/.pnpm/@vitest+runner@2.1.9/node_modules/@vitest/runner/dist/index.js:1205:15)\n    at runSuite (file:///Users/j/repos/wt-DBB-417-integration-tests/node_modules/.pnpm/@vitest+runner@2.1.9/node_modules/@vitest/runner/dist/index.js:1205:15)\n    at runSuite (file:///Users/j/repos/wt-DBB-417-integration-tests/node_modules/.pnpm/@vitest+runner@2.1.9/node_modules/@vitest/runner/dist/index.js:1205:15)\n    at runFiles (file:///Users/j/repos/wt-DBB-417-integration-tests/node_modules/.pnpm/@vitest+runner@2.1.9/node_modules/@vitest/runner/dist/index.js:1262:5)\n    at startTests (file:///Users/j/repos/wt-DBB-417-integration-tests/node_modules/.pnpm/@vitest+runner@2.1.9/node_modules/@vitest/runner/dist/index.js:1271:3)"
          ],
          "meta": {}
        }
      ],
      "startTime": 1770669668150,
      "endTime": 1770669668165.263,
      "status": "failed",
      "message": "",
      "name": "/Users/j/repos/wt-DBB-417-integration-tests/packages/mobile-primitives/test/integration/CoreServiceIntegration.test.ts"
    },
    {
      "assertionResults": [
        {
          "ancestorTitles": [
            "Database Integration - Mobile Adapters",
            "Page Repository Operations"
          ],
          "fullName": "Database Integration - Mobile Adapters Page Repository Operations should create page through repository",
          "status": "failed",
          "title": "should create page through repository",
          "duration": 3.7848749999999995,
          "failureMessages": [
            "DoubleBindError: A page with the title \"Welcome\" already exists\n    at PageRepository.create (/Users/j/repos/wt-DBB-417-integration-tests/packages/core/src/repositories/page-repository.ts:127:13)\n    at processTicksAndRejections (node:internal/process/task_queues:105:5)\n    at /Users/j/repos/wt-DBB-417-integration-tests/packages/mobile-primitives/test/integration/DatabaseIntegration.test.ts:41:20\n    at file:///Users/j/repos/wt-DBB-417-integration-tests/node_modules/.pnpm/@vitest+runner@2.1.9/node_modules/@vitest/runner/dist/index.js:533:5\n    at runTest (file:///Users/j/repos/wt-DBB-417-integration-tests/node_modules/.pnpm/@vitest+runner@2.1.9/node_modules/@vitest/runner/dist/index.js:1056:11)\n    at runSuite (file:///Users/j/repos/wt-DBB-417-integration-tests/node_modules/.pnpm/@vitest+runner@2.1.9/node_modules/@vitest/runner/dist/index.js:1205:15)\n    at runSuite (file:///Users/j/repos/wt-DBB-417-integration-tests/node_modules/.pnpm/@vitest+runner@2.1.9/node_modules/@vitest/runner/dist/index.js:1205:15)\n    at runSuite (file:///Users/j/repos/wt-DBB-417-integration-tests/node_modules/.pnpm/@vitest+runner@2.1.9/node_modules/@vitest/runner/dist/index.js:1205:15)\n    at runFiles (file:///Users/j/repos/wt-DBB-417-integration-tests/node_modules/.pnpm/@vitest+runner@2.1.9/node_modules/@vitest/runner/dist/index.js:1262:5)\n    at startTests (file:///Users/j/repos/wt-DBB-417-integration-tests/node_modules/.pnpm/@vitest+runner@2.1.9/node_modules/@vitest/runner/dist/index.js:1271:3)"
          ],
          "meta": {}
        },
        {
          "ancestorTitles": [
            "Database Integration - Mobile Adapters",
            "Page Repository Operations"
          ],
          "fullName": "Database Integration - Mobile Adapters Page Repository Operations should retrieve page by ID through repository",
          "status": "passed",
          "title": "should retrieve page by ID through repository",
          "duration": 0.5598339999999666,
          "failureMessages": [],
          "meta": {}
        },
        {
          "ancestorTitles": [
            "Database Integration - Mobile Adapters",
            "Page Repository Operations"
          ],
          "fullName": "Database Integration - Mobile Adapters Page Repository Operations should list all pages through repository",
          "status": "failed",
          "title": "should list all pages through repository",
          "duration": 0.21758299999999053,
          "failureMessages": [
            "TypeError: ctx.pageRepo.listPages is not a function\n    at /Users/j/repos/wt-DBB-417-integration-tests/packages/mobile-primitives/test/integration/DatabaseIntegration.test.ts:60:40\n    at file:///Users/j/repos/wt-DBB-417-integration-tests/node_modules/.pnpm/@vitest+runner@2.1.9/node_modules/@vitest/runner/dist/index.js:146:14\n    at file:///Users/j/repos/wt-DBB-417-integration-tests/node_modules/.pnpm/@vitest+runner@2.1.9/node_modules/@vitest/runner/dist/index.js:533:11\n    at runWithTimeout (file:///Users/j/repos/wt-DBB-417-integration-tests/node_modules/.pnpm/@vitest+runner@2.1.9/node_modules/@vitest/runner/dist/index.js:39:7)\n    at runTest (file:///Users/j/repos/wt-DBB-417-integration-tests/node_modules/.pnpm/@vitest+runner@2.1.9/node_modules/@vitest/runner/dist/index.js:1056:17)\n    at processTicksAndRejections (node:internal/process/task_queues:105:5)\n    at runSuite (file:///Users/j/repos/wt-DBB-417-integration-tests/node_modules/.pnpm/@vitest+runner@2.1.9/node_modules/@vitest/runner/dist/index.js:1205:15)\n    at runSuite (file:///Users/j/repos/wt-DBB-417-integration-tests/node_modules/.pnpm/@vitest+runner@2.1.9/node_modules/@vitest/runner/dist/index.js:1205:15)\n    at runSuite (file:///Users/j/repos/wt-DBB-417-integration-tests/node_modules/.pnpm/@vitest+runner@2.1.9/node_modules/@vitest/runner/dist/index.js:1205:15)\n    at runFiles (file:///Users/j/repos/wt-DBB-417-integration-tests/node_modules/.pnpm/@vitest+runner@2.1.9/node_modules/@vitest/runner/dist/index.js:1262:5)"
          ],
          "meta": {}
        },
        {
          "ancestorTitles": [
            "Database Integration - Mobile Adapters",
            "Page Repository Operations"
          ],
          "fullName": "Database Integration - Mobile Adapters Page Repository Operations should update page through repository",
          "status": "failed",
          "title": "should update page through repository",
          "duration": 2.3772089999999935,
          "failureMessages": [
            "AssertionError: expected 'Welcome' to be 'Updated Title' // Object.is equality\n    at /Users/j/repos/wt-DBB-417-integration-tests/packages/mobile-primitives/test/integration/DatabaseIntegration.test.ts:74:30\n    at processTicksAndRejections (node:internal/process/task_queues:105:5)\n    at file:///Users/j/repos/wt-DBB-417-integration-tests/node_modules/.pnpm/@vitest+runner@2.1.9/node_modules/@vitest/runner/dist/index.js:533:5\n    at runTest (file:///Users/j/repos/wt-DBB-417-integration-tests/node_modules/.pnpm/@vitest+runner@2.1.9/node_modules/@vitest/runner/dist/index.js:1056:11)\n    at runSuite (file:///Users/j/repos/wt-DBB-417-integration-tests/node_modules/.pnpm/@vitest+runner@2.1.9/node_modules/@vitest/runner/dist/index.js:1205:15)\n    at runSuite (file:///Users/j/repos/wt-DBB-417-integration-tests/node_modules/.pnpm/@vitest+runner@2.1.9/node_modules/@vitest/runner/dist/index.js:1205:15)\n    at runSuite (file:///Users/j/repos/wt-DBB-417-integration-tests/node_modules/.pnpm/@vitest+runner@2.1.9/node_modules/@vitest/runner/dist/index.js:1205:15)\n    at runFiles (file:///Users/j/repos/wt-DBB-417-integration-tests/node_modules/.pnpm/@vitest+runner@2.1.9/node_modules/@vitest/runner/dist/index.js:1262:5)\n    at startTests (file:///Users/j/repos/wt-DBB-417-integration-tests/node_modules/.pnpm/@vitest+runner@2.1.9/node_modules/@vitest/runner/dist/index.js:1271:3)\n    at file:///Users/j/repos/wt-DBB-417-integration-tests/node_modules/.pnpm/vitest@2.1.9_@types+node@25.2.1_jsdom@28.0.0_terser@5.46.0/node_modules/vitest/dist/chunks/runBaseTests.3qpJUEJM.js:126:11"
          ],
          "meta": {}
        },
        {
          "ancestorTitles": [
            "Database Integration - Mobile Adapters",
            "Page Repository Operations"
          ],
          "fullName": "Database Integration - Mobile Adapters Page Repository Operations should soft delete page through repository",
          "status": "failed",
          "title": "should soft delete page through repository",
          "duration": 0.22024999999996453,
          "failureMessages": [
            "TypeError: ctx.pageRepo.delete is not a function\n    at /Users/j/repos/wt-DBB-417-integration-tests/packages/mobile-primitives/test/integration/DatabaseIntegration.test.ts:80:26\n    at file:///Users/j/repos/wt-DBB-417-integration-tests/node_modules/.pnpm/@vitest+runner@2.1.9/node_modules/@vitest/runner/dist/index.js:146:14\n    at file:///Users/j/repos/wt-DBB-417-integration-tests/node_modules/.pnpm/@vitest+runner@2.1.9/node_modules/@vitest/runner/dist/index.js:533:11\n    at runWithTimeout (file:///Users/j/repos/wt-DBB-417-integration-tests/node_modules/.pnpm/@vitest+runner@2.1.9/node_modules/@vitest/runner/dist/index.js:39:7)\n    at runTest (file:///Users/j/repos/wt-DBB-417-integration-tests/node_modules/.pnpm/@vitest+runner@2.1.9/node_modules/@vitest/runner/dist/index.js:1056:17)\n    at processTicksAndRejections (node:internal/process/task_queues:105:5)\n    at runSuite (file:///Users/j/repos/wt-DBB-417-integration-tests/node_modules/.pnpm/@vitest+runner@2.1.9/node_modules/@vitest/runner/dist/index.js:1205:15)\n    at runSuite (file:///Users/j/repos/wt-DBB-417-integration-tests/node_modules/.pnpm/@vitest+runner@2.1.9/node_modules/@vitest/runner/dist/index.js:1205:15)\n    at runSuite (file:///Users/j/repos/wt-DBB-417-integration-tests/node_modules/.pnpm/@vitest+runner@2.1.9/node_modules/@vitest/runner/dist/index.js:1205:15)\n    at runFiles (file:///Users/j/repos/wt-DBB-417-integration-tests/node_modules/.pnpm/@vitest+runner@2.1.9/node_modules/@vitest/runner/dist/index.js:1262:5)"
          ],
          "meta": {}
        },
        {
          "ancestorTitles": [
            "Database Integration - Mobile Adapters",
            "Page Repository Operations"
          ],
          "fullName": "Database Integration - Mobile Adapters Page Repository Operations should handle daily note queries",
          "status": "failed",
          "title": "should handle daily note queries",
          "duration": 0.4704590000000053,
          "failureMessages": [
            "DoubleBindError: A page with the title \"Welcome\" already exists\n    at PageRepository.create (/Users/j/repos/wt-DBB-417-integration-tests/packages/core/src/repositories/page-repository.ts:127:13)\n    at processTicksAndRejections (node:internal/process/task_queues:105:5)\n    at /Users/j/repos/wt-DBB-417-integration-tests/packages/mobile-primitives/test/integration/DatabaseIntegration.test.ts:90:25\n    at file:///Users/j/repos/wt-DBB-417-integration-tests/node_modules/.pnpm/@vitest+runner@2.1.9/node_modules/@vitest/runner/dist/index.js:533:5\n    at runTest (file:///Users/j/repos/wt-DBB-417-integration-tests/node_modules/.pnpm/@vitest+runner@2.1.9/node_modules/@vitest/runner/dist/index.js:1056:11)\n    at runSuite (file:///Users/j/repos/wt-DBB-417-integration-tests/node_modules/.pnpm/@vitest+runner@2.1.9/node_modules/@vitest/runner/dist/index.js:1205:15)\n    at runSuite (file:///Users/j/repos/wt-DBB-417-integration-tests/node_modules/.pnpm/@vitest+runner@2.1.9/node_modules/@vitest/runner/dist/index.js:1205:15)\n    at runSuite (file:///Users/j/repos/wt-DBB-417-integration-tests/node_modules/.pnpm/@vitest+runner@2.1.9/node_modules/@vitest/runner/dist/index.js:1205:15)\n    at runFiles (file:///Users/j/repos/wt-DBB-417-integration-tests/node_modules/.pnpm/@vitest+runner@2.1.9/node_modules/@vitest/runner/dist/index.js:1262:5)\n    at startTests (file:///Users/j/repos/wt-DBB-417-integration-tests/node_modules/.pnpm/@vitest+runner@2.1.9/node_modules/@vitest/runner/dist/index.js:1271:3)"
          ],
          "meta": {}
        },
        {
          "ancestorTitles": [
            "Database Integration - Mobile Adapters",
            "Block Repository Operations"
          ],
          "fullName": "Database Integration - Mobile Adapters Block Repository Operations should create block through repository",
          "status": "failed",
          "title": "should create block through repository",
          "duration": 0.7988750000000095,
          "failureMessages": [
            "AssertionError: expected undefined to be 'New block content' // Object.is equality\n    at /Users/j/repos/wt-DBB-417-integration-tests/packages/mobile-primitives/test/integration/DatabaseIntegration.test.ts:109:29\n    at processTicksAndRejections (node:internal/process/task_queues:105:5)\n    at file:///Users/j/repos/wt-DBB-417-integration-tests/node_modules/.pnpm/@vitest+runner@2.1.9/node_modules/@vitest/runner/dist/index.js:533:5\n    at runTest (file:///Users/j/repos/wt-DBB-417-integration-tests/node_modules/.pnpm/@vitest+runner@2.1.9/node_modules/@vitest/runner/dist/index.js:1056:11)\n    at runSuite (file:///Users/j/repos/wt-DBB-417-integration-tests/node_modules/.pnpm/@vitest+runner@2.1.9/node_modules/@vitest/runner/dist/index.js:1205:15)\n    at runSuite (file:///Users/j/repos/wt-DBB-417-integration-tests/node_modules/.pnpm/@vitest+runner@2.1.9/node_modules/@vitest/runner/dist/index.js:1205:15)\n    at runSuite (file:///Users/j/repos/wt-DBB-417-integration-tests/node_modules/.pnpm/@vitest+runner@2.1.9/node_modules/@vitest/runner/dist/index.js:1205:15)\n    at runFiles (file:///Users/j/repos/wt-DBB-417-integration-tests/node_modules/.pnpm/@vitest+runner@2.1.9/node_modules/@vitest/runner/dist/index.js:1262:5)\n    at startTests (file:///Users/j/repos/wt-DBB-417-integration-tests/node_modules/.pnpm/@vitest+runner@2.1.9/node_modules/@vitest/runner/dist/index.js:1271:3)\n    at file:///Users/j/repos/wt-DBB-417-integration-tests/node_modules/.pnpm/vitest@2.1.9_@types+node@25.2.1_jsdom@28.0.0_terser@5.46.0/node_modules/vitest/dist/chunks/runBaseTests.3qpJUEJM.js:126:11"
          ],
          "meta": {}
        },
        {
          "ancestorTitles": [
            "Database Integration - Mobile Adapters",
            "Block Repository Operations"
          ],
          "fullName": "Database Integration - Mobile Adapters Block Repository Operations should retrieve block by ID through repository",
          "status": "passed",
          "title": "should retrieve block by ID through repository",
          "duration": 0.9145420000000399,
          "failureMessages": [],
          "meta": {}
        },
        {
          "ancestorTitles": [
            "Database Integration - Mobile Adapters",
            "Block Repository Operations"
          ],
          "fullName": "Database Integration - Mobile Adapters Block Repository Operations should get blocks by page through repository",
          "status": "failed",
          "title": "should get blocks by page through repository",
          "duration": 0.23787500000003092,
          "failureMessages": [
            "TypeError: ctx.blockRepo.getBlocksByPage is not a function\n    at /Users/j/repos/wt-DBB-417-integration-tests/packages/mobile-primitives/test/integration/DatabaseIntegration.test.ts:127:42\n    at file:///Users/j/repos/wt-DBB-417-integration-tests/node_modules/.pnpm/@vitest+runner@2.1.9/node_modules/@vitest/runner/dist/index.js:146:14\n    at file:///Users/j/repos/wt-DBB-417-integration-tests/node_modules/.pnpm/@vitest+runner@2.1.9/node_modules/@vitest/runner/dist/index.js:533:11\n    at runWithTimeout (file:///Users/j/repos/wt-DBB-417-integration-tests/node_modules/.pnpm/@vitest+runner@2.1.9/node_modules/@vitest/runner/dist/index.js:39:7)\n    at runTest (file:///Users/j/repos/wt-DBB-417-integration-tests/node_modules/.pnpm/@vitest+runner@2.1.9/node_modules/@vitest/runner/dist/index.js:1056:17)\n    at processTicksAndRejections (node:internal/process/task_queues:105:5)\n    at runSuite (file:///Users/j/repos/wt-DBB-417-integration-tests/node_modules/.pnpm/@vitest+runner@2.1.9/node_modules/@vitest/runner/dist/index.js:1205:15)\n    at runSuite (file:///Users/j/repos/wt-DBB-417-integration-tests/node_modules/.pnpm/@vitest+runner@2.1.9/node_modules/@vitest/runner/dist/index.js:1205:15)\n    at runSuite (file:///Users/j/repos/wt-DBB-417-integration-tests/node_modules/.pnpm/@vitest+runner@2.1.9/node_modules/@vitest/runner/dist/index.js:1205:15)\n    at runFiles (file:///Users/j/repos/wt-DBB-417-integration-tests/node_modules/.pnpm/@vitest+runner@2.1.9/node_modules/@vitest/runner/dist/index.js:1262:5)"
          ],
          "meta": {}
        },
        {
          "ancestorTitles": [
            "Database Integration - Mobile Adapters",
            "Block Repository Operations"
          ],
          "fullName": "Database Integration - Mobile Adapters Block Repository Operations should update block content through repository",
          "status": "failed",
          "title": "should update block content through repository",
          "duration": 0.18379200000003948,
          "failureMessages": [
            "TypeError: ctx.blockRepo.updateContent is not a function\n    at /Users/j/repos/wt-DBB-417-integration-tests/packages/mobile-primitives/test/integration/DatabaseIntegration.test.ts:138:27\n    at file:///Users/j/repos/wt-DBB-417-integration-tests/node_modules/.pnpm/@vitest+runner@2.1.9/node_modules/@vitest/runner/dist/index.js:146:14\n    at file:///Users/j/repos/wt-DBB-417-integration-tests/node_modules/.pnpm/@vitest+runner@2.1.9/node_modules/@vitest/runner/dist/index.js:533:11\n    at runWithTimeout (file:///Users/j/repos/wt-DBB-417-integration-tests/node_modules/.pnpm/@vitest+runner@2.1.9/node_modules/@vitest/runner/dist/index.js:39:7)\n    at runTest (file:///Users/j/repos/wt-DBB-417-integration-tests/node_modules/.pnpm/@vitest+runner@2.1.9/node_modules/@vitest/runner/dist/index.js:1056:17)\n    at processTicksAndRejections (node:internal/process/task_queues:105:5)\n    at runSuite (file:///Users/j/repos/wt-DBB-417-integration-tests/node_modules/.pnpm/@vitest+runner@2.1.9/node_modules/@vitest/runner/dist/index.js:1205:15)\n    at runSuite (file:///Users/j/repos/wt-DBB-417-integration-tests/node_modules/.pnpm/@vitest+runner@2.1.9/node_modules/@vitest/runner/dist/index.js:1205:15)\n    at runSuite (file:///Users/j/repos/wt-DBB-417-integration-tests/node_modules/.pnpm/@vitest+runner@2.1.9/node_modules/@vitest/runner/dist/index.js:1205:15)\n    at runFiles (file:///Users/j/repos/wt-DBB-417-integration-tests/node_modules/.pnpm/@vitest+runner@2.1.9/node_modules/@vitest/runner/dist/index.js:1262:5)"
          ],
          "meta": {}
        },
        {
          "ancestorTitles": [
            "Database Integration - Mobile Adapters",
            "Block Repository Operations"
          ],
          "fullName": "Database Integration - Mobile Adapters Block Repository Operations should update block parent through repository",
          "status": "failed",
          "title": "should update block parent through repository",
          "duration": 0.1645000000000323,
          "failureMessages": [
            "TypeError: ctx.blockRepo.updateParent is not a function\n    at /Users/j/repos/wt-DBB-417-integration-tests/packages/mobile-primitives/test/integration/DatabaseIntegration.test.ts:148:27\n    at file:///Users/j/repos/wt-DBB-417-integration-tests/node_modules/.pnpm/@vitest+runner@2.1.9/node_modules/@vitest/runner/dist/index.js:146:14\n    at file:///Users/j/repos/wt-DBB-417-integration-tests/node_modules/.pnpm/@vitest+runner@2.1.9/node_modules/@vitest/runner/dist/index.js:533:11\n    at runWithTimeout (file:///Users/j/repos/wt-DBB-417-integration-tests/node_modules/.pnpm/@vitest+runner@2.1.9/node_modules/@vitest/runner/dist/index.js:39:7)\n    at runTest (file:///Users/j/repos/wt-DBB-417-integration-tests/node_modules/.pnpm/@vitest+runner@2.1.9/node_modules/@vitest/runner/dist/index.js:1056:17)\n    at processTicksAndRejections (node:internal/process/task_queues:105:5)\n    at runSuite (file:///Users/j/repos/wt-DBB-417-integration-tests/node_modules/.pnpm/@vitest+runner@2.1.9/node_modules/@vitest/runner/dist/index.js:1205:15)\n    at runSuite (file:///Users/j/repos/wt-DBB-417-integration-tests/node_modules/.pnpm/@vitest+runner@2.1.9/node_modules/@vitest/runner/dist/index.js:1205:15)\n    at runSuite (file:///Users/j/repos/wt-DBB-417-integration-tests/node_modules/.pnpm/@vitest+runner@2.1.9/node_modules/@vitest/runner/dist/index.js:1205:15)\n    at runFiles (file:///Users/j/repos/wt-DBB-417-integration-tests/node_modules/.pnpm/@vitest+runner@2.1.9/node_modules/@vitest/runner/dist/index.js:1262:5)"
          ],
          "meta": {}
        },
        {
          "ancestorTitles": [
            "Database Integration - Mobile Adapters",
            "Block Repository Operations"
          ],
          "fullName": "Database Integration - Mobile Adapters Block Repository Operations should soft delete block through repository",
          "status": "failed",
          "title": "should soft delete block through repository",
          "duration": 0.12670800000000781,
          "failureMessages": [
            "TypeError: ctx.blockRepo.delete is not a function\n    at /Users/j/repos/wt-DBB-417-integration-tests/packages/mobile-primitives/test/integration/DatabaseIntegration.test.ts:157:27\n    at file:///Users/j/repos/wt-DBB-417-integration-tests/node_modules/.pnpm/@vitest+runner@2.1.9/node_modules/@vitest/runner/dist/index.js:146:14\n    at file:///Users/j/repos/wt-DBB-417-integration-tests/node_modules/.pnpm/@vitest+runner@2.1.9/node_modules/@vitest/runner/dist/index.js:533:11\n    at runWithTimeout (file:///Users/j/repos/wt-DBB-417-integration-tests/node_modules/.pnpm/@vitest+runner@2.1.9/node_modules/@vitest/runner/dist/index.js:39:7)\n    at runTest (file:///Users/j/repos/wt-DBB-417-integration-tests/node_modules/.pnpm/@vitest+runner@2.1.9/node_modules/@vitest/runner/dist/index.js:1056:17)\n    at processTicksAndRejections (node:internal/process/task_queues:105:5)\n    at runSuite (file:///Users/j/repos/wt-DBB-417-integration-tests/node_modules/.pnpm/@vitest+runner@2.1.9/node_modules/@vitest/runner/dist/index.js:1205:15)\n    at runSuite (file:///Users/j/repos/wt-DBB-417-integration-tests/node_modules/.pnpm/@vitest+runner@2.1.9/node_modules/@vitest/runner/dist/index.js:1205:15)\n    at runSuite (file:///Users/j/repos/wt-DBB-417-integration-tests/node_modules/.pnpm/@vitest+runner@2.1.9/node_modules/@vitest/runner/dist/index.js:1205:15)\n    at runFiles (file:///Users/j/repos/wt-DBB-417-integration-tests/node_modules/.pnpm/@vitest+runner@2.1.9/node_modules/@vitest/runner/dist/index.js:1262:5)"
          ],
          "meta": {}
        },
        {
          "ancestorTitles": [
            "Database Integration - Mobile Adapters",
            "Block Repository Operations"
          ],
          "fullName": "Database Integration - Mobile Adapters Block Repository Operations should get block tree structure",
          "status": "failed",
          "title": "should get block tree structure",
          "duration": 0.2680410000000393,
          "failureMessages": [
            "TypeError: ctx.blockRepo.getBlocksByPage is not a function\n    at /Users/j/repos/wt-DBB-417-integration-tests/packages/mobile-primitives/test/integration/DatabaseIntegration.test.ts:170:42\n    at processTicksAndRejections (node:internal/process/task_queues:105:5)\n    at file:///Users/j/repos/wt-DBB-417-integration-tests/node_modules/.pnpm/@vitest+runner@2.1.9/node_modules/@vitest/runner/dist/index.js:533:5\n    at runTest (file:///Users/j/repos/wt-DBB-417-integration-tests/node_modules/.pnpm/@vitest+runner@2.1.9/node_modules/@vitest/runner/dist/index.js:1056:11)\n    at runSuite (file:///Users/j/repos/wt-DBB-417-integration-tests/node_modules/.pnpm/@vitest+runner@2.1.9/node_modules/@vitest/runner/dist/index.js:1205:15)\n    at runSuite (file:///Users/j/repos/wt-DBB-417-integration-tests/node_modules/.pnpm/@vitest+runner@2.1.9/node_modules/@vitest/runner/dist/index.js:1205:15)\n    at runSuite (file:///Users/j/repos/wt-DBB-417-integration-tests/node_modules/.pnpm/@vitest+runner@2.1.9/node_modules/@vitest/runner/dist/index.js:1205:15)\n    at runFiles (file:///Users/j/repos/wt-DBB-417-integration-tests/node_modules/.pnpm/@vitest+runner@2.1.9/node_modules/@vitest/runner/dist/index.js:1262:5)\n    at startTests (file:///Users/j/repos/wt-DBB-417-integration-tests/node_modules/.pnpm/@vitest+runner@2.1.9/node_modules/@vitest/runner/dist/index.js:1271:3)\n    at file:///Users/j/repos/wt-DBB-417-integration-tests/node_modules/.pnpm/vitest@2.1.9_@types+node@25.2.1_jsdom@28.0.0_terser@5.46.0/node_modules/vitest/dist/chunks/runBaseTests.3qpJUEJM.js:126:11"
          ],
          "meta": {}
        },
        {
          "ancestorTitles": [
            "Database Integration - Mobile Adapters",
            "Link Repository Operations"
          ],
          "fullName": "Database Integration - Mobile Adapters Link Repository Operations should create link through repository",
          "status": "failed",
          "title": "should create link through repository",
          "duration": 0.12283299999995734,
          "failureMessages": [
            "TypeError: ctx.linkRepo.create is not a function\n    at /Users/j/repos/wt-DBB-417-integration-tests/packages/mobile-primitives/test/integration/DatabaseIntegration.test.ts:187:39\n    at file:///Users/j/repos/wt-DBB-417-integration-tests/node_modules/.pnpm/@vitest+runner@2.1.9/node_modules/@vitest/runner/dist/index.js:146:14\n    at file:///Users/j/repos/wt-DBB-417-integration-tests/node_modules/.pnpm/@vitest+runner@2.1.9/node_modules/@vitest/runner/dist/index.js:533:11\n    at runWithTimeout (file:///Users/j/repos/wt-DBB-417-integration-tests/node_modules/.pnpm/@vitest+runner@2.1.9/node_modules/@vitest/runner/dist/index.js:39:7)\n    at runTest (file:///Users/j/repos/wt-DBB-417-integration-tests/node_modules/.pnpm/@vitest+runner@2.1.9/node_modules/@vitest/runner/dist/index.js:1056:17)\n    at processTicksAndRejections (node:internal/process/task_queues:105:5)\n    at runSuite (file:///Users/j/repos/wt-DBB-417-integration-tests/node_modules/.pnpm/@vitest+runner@2.1.9/node_modules/@vitest/runner/dist/index.js:1205:15)\n    at runSuite (file:///Users/j/repos/wt-DBB-417-integration-tests/node_modules/.pnpm/@vitest+runner@2.1.9/node_modules/@vitest/runner/dist/index.js:1205:15)\n    at runSuite (file:///Users/j/repos/wt-DBB-417-integration-tests/node_modules/.pnpm/@vitest+runner@2.1.9/node_modules/@vitest/runner/dist/index.js:1205:15)\n    at runFiles (file:///Users/j/repos/wt-DBB-417-integration-tests/node_modules/.pnpm/@vitest+runner@2.1.9/node_modules/@vitest/runner/dist/index.js:1262:5)"
          ],
          "meta": {}
        },
        {
          "ancestorTitles": [
            "Database Integration - Mobile Adapters",
            "Link Repository Operations"
          ],
          "fullName": "Database Integration - Mobile Adapters Link Repository Operations should get outgoing links through repository",
          "status": "failed",
          "title": "should get outgoing links through repository",
          "duration": 0.12725000000000364,
          "failureMessages": [
            "TypeError: ctx.linkRepo.getOutgoingLinks is not a function\n    at /Users/j/repos/wt-DBB-417-integration-tests/packages/mobile-primitives/test/integration/DatabaseIntegration.test.ts:198:40\n    at file:///Users/j/repos/wt-DBB-417-integration-tests/node_modules/.pnpm/@vitest+runner@2.1.9/node_modules/@vitest/runner/dist/index.js:146:14\n    at file:///Users/j/repos/wt-DBB-417-integration-tests/node_modules/.pnpm/@vitest+runner@2.1.9/node_modules/@vitest/runner/dist/index.js:533:11\n    at runWithTimeout (file:///Users/j/repos/wt-DBB-417-integration-tests/node_modules/.pnpm/@vitest+runner@2.1.9/node_modules/@vitest/runner/dist/index.js:39:7)\n    at runTest (file:///Users/j/repos/wt-DBB-417-integration-tests/node_modules/.pnpm/@vitest+runner@2.1.9/node_modules/@vitest/runner/dist/index.js:1056:17)\n    at processTicksAndRejections (node:internal/process/task_queues:105:5)\n    at runSuite (file:///Users/j/repos/wt-DBB-417-integration-tests/node_modules/.pnpm/@vitest+runner@2.1.9/node_modules/@vitest/runner/dist/index.js:1205:15)\n    at runSuite (file:///Users/j/repos/wt-DBB-417-integration-tests/node_modules/.pnpm/@vitest+runner@2.1.9/node_modules/@vitest/runner/dist/index.js:1205:15)\n    at runSuite (file:///Users/j/repos/wt-DBB-417-integration-tests/node_modules/.pnpm/@vitest+runner@2.1.9/node_modules/@vitest/runner/dist/index.js:1205:15)\n    at runFiles (file:///Users/j/repos/wt-DBB-417-integration-tests/node_modules/.pnpm/@vitest+runner@2.1.9/node_modules/@vitest/runner/dist/index.js:1262:5)"
          ],
          "meta": {}
        },
        {
          "ancestorTitles": [
            "Database Integration - Mobile Adapters",
            "Link Repository Operations"
          ],
          "fullName": "Database Integration - Mobile Adapters Link Repository Operations should get incoming links through repository",
          "status": "failed",
          "title": "should get incoming links through repository",
          "duration": 0.127666999999974,
          "failureMessages": [
            "TypeError: ctx.linkRepo.getIncomingLinks is not a function\n    at /Users/j/repos/wt-DBB-417-integration-tests/packages/mobile-primitives/test/integration/DatabaseIntegration.test.ts:208:40\n    at file:///Users/j/repos/wt-DBB-417-integration-tests/node_modules/.pnpm/@vitest+runner@2.1.9/node_modules/@vitest/runner/dist/index.js:146:14\n    at file:///Users/j/repos/wt-DBB-417-integration-tests/node_modules/.pnpm/@vitest+runner@2.1.9/node_modules/@vitest/runner/dist/index.js:533:11\n    at runWithTimeout (file:///Users/j/repos/wt-DBB-417-integration-tests/node_modules/.pnpm/@vitest+runner@2.1.9/node_modules/@vitest/runner/dist/index.js:39:7)\n    at runTest (file:///Users/j/repos/wt-DBB-417-integration-tests/node_modules/.pnpm/@vitest+runner@2.1.9/node_modules/@vitest/runner/dist/index.js:1056:17)\n    at processTicksAndRejections (node:internal/process/task_queues:105:5)\n    at runSuite (file:///Users/j/repos/wt-DBB-417-integration-tests/node_modules/.pnpm/@vitest+runner@2.1.9/node_modules/@vitest/runner/dist/index.js:1205:15)\n    at runSuite (file:///Users/j/repos/wt-DBB-417-integration-tests/node_modules/.pnpm/@vitest+runner@2.1.9/node_modules/@vitest/runner/dist/index.js:1205:15)\n    at runSuite (file:///Users/j/repos/wt-DBB-417-integration-tests/node_modules/.pnpm/@vitest+runner@2.1.9/node_modules/@vitest/runner/dist/index.js:1205:15)\n    at runFiles (file:///Users/j/repos/wt-DBB-417-integration-tests/node_modules/.pnpm/@vitest+runner@2.1.9/node_modules/@vitest/runner/dist/index.js:1262:5)"
          ],
          "meta": {}
        },
        {
          "ancestorTitles": [
            "Database Integration - Mobile Adapters",
            "Link Repository Operations"
          ],
          "fullName": "Database Integration - Mobile Adapters Link Repository Operations should delete link through repository",
          "status": "failed",
          "title": "should delete link through repository",
          "duration": 0.11112500000001546,
          "failureMessages": [
            "TypeError: ctx.linkRepo.delete is not a function\n    at /Users/j/repos/wt-DBB-417-integration-tests/packages/mobile-primitives/test/integration/DatabaseIntegration.test.ts:219:26\n    at file:///Users/j/repos/wt-DBB-417-integration-tests/node_modules/.pnpm/@vitest+runner@2.1.9/node_modules/@vitest/runner/dist/index.js:146:14\n    at file:///Users/j/repos/wt-DBB-417-integration-tests/node_modules/.pnpm/@vitest+runner@2.1.9/node_modules/@vitest/runner/dist/index.js:533:11\n    at runWithTimeout (file:///Users/j/repos/wt-DBB-417-integration-tests/node_modules/.pnpm/@vitest+runner@2.1.9/node_modules/@vitest/runner/dist/index.js:39:7)\n    at runTest (file:///Users/j/repos/wt-DBB-417-integration-tests/node_modules/.pnpm/@vitest+runner@2.1.9/node_modules/@vitest/runner/dist/index.js:1056:17)\n    at processTicksAndRejections (node:internal/process/task_queues:105:5)\n    at runSuite (file:///Users/j/repos/wt-DBB-417-integration-tests/node_modules/.pnpm/@vitest+runner@2.1.9/node_modules/@vitest/runner/dist/index.js:1205:15)\n    at runSuite (file:///Users/j/repos/wt-DBB-417-integration-tests/node_modules/.pnpm/@vitest+runner@2.1.9/node_modules/@vitest/runner/dist/index.js:1205:15)\n    at runSuite (file:///Users/j/repos/wt-DBB-417-integration-tests/node_modules/.pnpm/@vitest+runner@2.1.9/node_modules/@vitest/runner/dist/index.js:1205:15)\n    at runFiles (file:///Users/j/repos/wt-DBB-417-integration-tests/node_modules/.pnpm/@vitest+runner@2.1.9/node_modules/@vitest/runner/dist/index.js:1262:5)"
          ],
          "meta": {}
        },
        {
          "ancestorTitles": ["Database Integration - Mobile Adapters", "Tag Repository Operations"],
          "fullName": "Database Integration - Mobile Adapters Tag Repository Operations should create tag through repository",
          "status": "failed",
          "title": "should create tag through repository",
          "duration": 0.21633399999996072,
          "failureMessages": [
[...]
          "status": "passed",
          "title": "should propagate page creation errors",
          "duration": 0.9117089999999735,
          "failureMessages": [],
          "meta": {}
        },
        {
          "ancestorTitles": [
            "Service Integration - Cross-Service Scenarios",
            "Error Propagation Across Services"
          ],
          "fullName": "Service Integration - Cross-Service Scenarios Error Propagation Across Services should propagate block creation errors",
          "status": "passed",
          "title": "should propagate block creation errors",
          "duration": 0.15945799999997234,
          "failureMessages": [],
          "meta": {}
        },
        {
          "ancestorTitles": [
            "Service Integration - Cross-Service Scenarios",
            "Error Propagation Across Services"
          ],
          "fullName": "Service Integration - Cross-Service Scenarios Error Propagation Across Services should handle cascading errors gracefully",
          "status": "passed",
          "title": "should handle cascading errors gracefully",
          "duration": 0.2752079999999637,
          "failureMessages": [],
          "meta": {}
        },
        {
          "ancestorTitles": [
            "Service Integration - Cross-Service Scenarios",
            "Performance Under Load"
          ],
          "fullName": "Service Integration - Cross-Service Scenarios Performance Under Load should handle rapid page creation",
          "status": "failed",
          "title": "should handle rapid page creation",
          "duration": 0.9187500000000455,
          "failureMessages": [
            "DoubleBindError: A page with the title \"Welcome\" already exists\n    at PageRepository.create (/Users/j/repos/wt-DBB-417-integration-tests/packages/core/src/repositories/page-repository.ts:127:13)\n    at processTicksAndRejections (node:internal/process/task_queues:105:5)\n    at PageService.createPage (/Users/j/repos/wt-DBB-417-integration-tests/packages/core/src/services/page-service.ts:76:22)\n    at async Promise.all (index 0)\n    at /Users/j/repos/wt-DBB-417-integration-tests/packages/mobile-primitives/test/integration/ServiceIntegration.test.ts:413:21\n    at file:///Users/j/repos/wt-DBB-417-integration-tests/node_modules/.pnpm/@vitest+runner@2.1.9/node_modules/@vitest/runner/dist/index.js:533:5\n    at runTest (file:///Users/j/repos/wt-DBB-417-integration-tests/node_modules/.pnpm/@vitest+runner@2.1.9/node_modules/@vitest/runner/dist/index.js:1056:11)\n    at runSuite (file:///Users/j/repos/wt-DBB-417-integration-tests/node_modules/.pnpm/@vitest+runner@2.1.9/node_modules/@vitest/runner/dist/index.js:1205:15)\n    at runSuite (file:///Users/j/repos/wt-DBB-417-integration-tests/node_modules/.pnpm/@vitest+runner@2.1.9/node_modules/@vitest/runner/dist/index.js:1205:15)\n    at runSuite (file:///Users/j/repos/wt-DBB-417-integration-tests/node_modules/.pnpm/@vitest+runner@2.1.9/node_modules/@vitest/runner/dist/index.js:1205:15)"
          ],
          "meta": {}
        },
        {
          "ancestorTitles": [
            "Service Integration - Cross-Service Scenarios",
            "Performance Under Load"
          ],
          "fullName": "Service Integration - Cross-Service Scenarios Performance Under Load should handle rapid block creation on same page",
          "status": "failed",
          "title": "should handle rapid block creation on same page",
          "duration": 0.6398750000000177,
          "failureMessages": [
            "DoubleBindError: A page with the title \"Welcome\" already exists\n    at PageRepository.create (/Users/j/repos/wt-DBB-417-integration-tests/packages/core/src/repositories/page-repository.ts:127:13)\n    at processTicksAndRejections (node:internal/process/task_queues:105:5)\n    at PageService.createPage (/Users/j/repos/wt-DBB-417-integration-tests/packages/core/src/services/page-service.ts:76:22)\n    at /Users/j/repos/wt-DBB-417-integration-tests/packages/mobile-primitives/test/integration/ServiceIntegration.test.ts:427:20\n    at file:///Users/j/repos/wt-DBB-417-integration-tests/node_modules/.pnpm/@vitest+runner@2.1.9/node_modules/@vitest/runner/dist/index.js:533:5\n    at runTest (file:///Users/j/repos/wt-DBB-417-integration-tests/node_modules/.pnpm/@vitest+runner@2.1.9/node_modules/@vitest/runner/dist/index.js:1056:11)\n    at runSuite (file:///Users/j/repos/wt-DBB-417-integration-tests/node_modules/.pnpm/@vitest+runner@2.1.9/node_modules/@vitest/runner/dist/index.js:1205:15)\n    at runSuite (file:///Users/j/repos/wt-DBB-417-integration-tests/node_modules/.pnpm/@vitest+runner@2.1.9/node_modules/@vitest/runner/dist/index.js:1205:15)\n    at runSuite (file:///Users/j/repos/wt-DBB-417-integration-tests/node_modules/.pnpm/@vitest+runner@2.1.9/node_modules/@vitest/runner/dist/index.js:1205:15)\n    at runFiles (file:///Users/j/repos/wt-DBB-417-integration-tests/node_modules/.pnpm/@vitest+runner@2.1.9/node_modules/@vitest/runner/dist/index.js:1262:5)"
          ],
          "meta": {}
        },
        {
          "ancestorTitles": [
            "Service Integration - Cross-Service Scenarios",
            "Performance Under Load"
          ],
          "fullName": "Service Integration - Cross-Service Scenarios Performance Under Load should handle complex graph queries under load",
          "status": "failed",
          "title": "should handle complex graph queries under load",
          "duration": 0.6867080000000101,
          "failureMessages": [
            "DoubleBindError: A page with the title \"Welcome\" already exists\n    at PageRepository.create (/Users/j/repos/wt-DBB-417-integration-tests/packages/core/src/repositories/page-repository.ts:127:13)\n    at processTicksAndRejections (node:internal/process/task_queues:105:5)\n    at PageService.createPage (/Users/j/repos/wt-DBB-417-integration-tests/packages/core/src/services/page-service.ts:76:22)\n    at async Promise.all (index 0)\n    at /Users/j/repos/wt-DBB-417-integration-tests/packages/mobile-primitives/test/integration/ServiceIntegration.test.ts:447:21\n    at file:///Users/j/repos/wt-DBB-417-integration-tests/node_modules/.pnpm/@vitest+runner@2.1.9/node_modules/@vitest/runner/dist/index.js:533:5\n    at runTest (file:///Users/j/repos/wt-DBB-417-integration-tests/node_modules/.pnpm/@vitest+runner@2.1.9/node_modules/@vitest/runner/dist/index.js:1056:11)\n    at runSuite (file:///Users/j/repos/wt-DBB-417-integration-tests/node_modules/.pnpm/@vitest+runner@2.1.9/node_modules/@vitest/runner/dist/index.js:1205:15)\n    at runSuite (file:///Users/j/repos/wt-DBB-417-integration-tests/node_modules/.pnpm/@vitest+runner@2.1.9/node_modules/@vitest/runner/dist/index.js:1205:15)\n    at runSuite (file:///Users/j/repos/wt-DBB-417-integration-tests/node_modules/.pnpm/@vitest+runner@2.1.9/node_modules/@vitest/runner/dist/index.js:1205:15)"
          ],
          "meta": {}
        },
        {
          "ancestorTitles": [
            "Service Integration - Cross-Service Scenarios",
            "Data Consistency Across Services"
          ],
          "fullName": "Service Integration - Cross-Service Scenarios Data Consistency Across Services should maintain consistency during concurrent operations",
          "status": "failed",
          "title": "should maintain consistency during concurrent operations",
          "duration": 0.17325000000005275,
          "failureMessages": [
            "DoubleBindError: A page with the title \"Welcome\" already exists\n    at PageRepository.create (/Users/j/repos/wt-DBB-417-integration-tests/packages/core/src/repositories/page-repository.ts:127:13)\n    at processTicksAndRejections (node:internal/process/task_queues:105:5)\n    at PageService.createPage (/Users/j/repos/wt-DBB-417-integration-tests/packages/core/src/services/page-service.ts:76:22)\n    at /Users/j/repos/wt-DBB-417-integration-tests/packages/mobile-primitives/test/integration/ServiceIntegration.test.ts:476:20\n    at file:///Users/j/repos/wt-DBB-417-integration-tests/node_modules/.pnpm/@vitest+runner@2.1.9/node_modules/@vitest/runner/dist/index.js:533:5\n    at runTest (file:///Users/j/repos/wt-DBB-417-integration-tests/node_modules/.pnpm/@vitest+runner@2.1.9/node_modules/@vitest/runner/dist/index.js:1056:11)\n    at runSuite (file:///Users/j/repos/wt-DBB-417-integration-tests/node_modules/.pnpm/@vitest+runner@2.1.9/node_modules/@vitest/runner/dist/index.js:1205:15)\n    at runSuite (file:///Users/j/repos/wt-DBB-417-integration-tests/node_modules/.pnpm/@vitest+runner@2.1.9/node_modules/@vitest/runner/dist/index.js:1205:15)\n    at runSuite (file:///Users/j/repos/wt-DBB-417-integration-tests/node_modules/.pnpm/@vitest+runner@2.1.9/node_modules/@vitest/runner/dist/index.js:1205:15)\n    at runFiles (file:///Users/j/repos/wt-DBB-417-integration-tests/node_modules/.pnpm/@vitest+runner@2.1.9/node_modules/@vitest/runner/dist/index.js:1262:5)"
          ],
          "meta": {}
        },
        {
          "ancestorTitles": [
            "Service Integration - Cross-Service Scenarios",
            "Data Consistency Across Services"
          ],
          "fullName": "Service Integration - Cross-Service Scenarios Data Consistency Across Services should handle interleaved read/write operations",
          "status": "failed",
          "title": "should handle interleaved read/write operations",
          "duration": 0.1430000000000291,
          "failureMessages": [
            "DoubleBindError: A page with the title \"Welcome\" already exists\n    at PageRepository.create (/Users/j/repos/wt-DBB-417-integration-tests/packages/core/src/repositories/page-repository.ts:127:13)\n    at processTicksAndRejections (node:internal/process/task_queues:105:5)\n    at PageService.createPage (/Users/j/repos/wt-DBB-417-integration-tests/packages/core/src/services/page-service.ts:76:22)\n    at /Users/j/repos/wt-DBB-417-integration-tests/packages/mobile-primitives/test/integration/ServiceIntegration.test.ts:496:20\n    at file:///Users/j/repos/wt-DBB-417-integration-tests/node_modules/.pnpm/@vitest+runner@2.1.9/node_modules/@vitest/runner/dist/index.js:533:5\n    at runTest (file:///Users/j/repos/wt-DBB-417-integration-tests/node_modules/.pnpm/@vitest+runner@2.1.9/node_modules/@vitest/runner/dist/index.js:1056:11)\n    at runSuite (file:///Users/j/repos/wt-DBB-417-integration-tests/node_modules/.pnpm/@vitest+runner@2.1.9/node_modules/@vitest/runner/dist/index.js:1205:15)\n    at runSuite (file:///Users/j/repos/wt-DBB-417-integration-tests/node_modules/.pnpm/@vitest+runner@2.1.9/node_modules/@vitest/runner/dist/index.js:1205:15)\n    at runSuite (file:///Users/j/repos/wt-DBB-417-integration-tests/node_modules/.pnpm/@vitest+runner@2.1.9/node_modules/@vitest/runner/dist/index.js:1205:15)\n    at runFiles (file:///Users/j/repos/wt-DBB-417-integration-tests/node_modules/.pnpm/@vitest+runner@2.1.9/node_modules/@vitest/runner/dist/index.js:1262:5)"
          ],
          "meta": {}
        },
        {
          "ancestorTitles": [
            "Service Integration - Cross-Service Scenarios",
            "Data Consistency Across Services"
          ],
          "fullName": "Service Integration - Cross-Service Scenarios Data Consistency Across Services should maintain order during batch operations",
          "status": "failed",
          "title": "should maintain order during batch operations",
          "duration": 0.13416599999999335,
          "failureMessages": [
            "DoubleBindError: A page with the title \"Welcome\" already exists\n    at PageRepository.create (/Users/j/repos/wt-DBB-417-integration-tests/packages/core/src/repositories/page-repository.ts:127:13)\n    at processTicksAndRejections (node:internal/process/task_queues:105:5)\n    at PageService.createPage (/Users/j/repos/wt-DBB-417-integration-tests/packages/core/src/services/page-service.ts:76:22)\n    at /Users/j/repos/wt-DBB-417-integration-tests/packages/mobile-primitives/test/integration/ServiceIntegration.test.ts:514:20\n    at file:///Users/j/repos/wt-DBB-417-integration-tests/node_modules/.pnpm/@vitest+runner@2.1.9/node_modules/@vitest/runner/dist/index.js:533:5\n    at runTest (file:///Users/j/repos/wt-DBB-417-integration-tests/node_modules/.pnpm/@vitest+runner@2.1.9/node_modules/@vitest/runner/dist/index.js:1056:11)\n    at runSuite (file:///Users/j/repos/wt-DBB-417-integration-tests/node_modules/.pnpm/@vitest+runner@2.1.9/node_modules/@vitest/runner/dist/index.js:1205:15)\n    at runSuite (file:///Users/j/repos/wt-DBB-417-integration-tests/node_modules/.pnpm/@vitest+runner@2.1.9/node_modules/@vitest/runner/dist/index.js:1205:15)\n    at runSuite (file:///Users/j/repos/wt-DBB-417-integration-tests/node_modules/.pnpm/@vitest+runner@2.1.9/node_modules/@vitest/runner/dist/index.js:1205:15)\n    at runFiles (file:///Users/j/repos/wt-DBB-417-integration-tests/node_modules/.pnpm/@vitest+runner@2.1.9/node_modules/@vitest/runner/dist/index.js:1262:5)"
          ],
          "meta": {}
        },
        {
          "ancestorTitles": [
            "Service Integration - Cross-Service Scenarios",
            "Mobile UI Component Integration"
          ],
          "fullName": "Service Integration - Cross-Service Scenarios Mobile UI Component Integration should support page list view operations",
          "status": "failed",
          "title": "should support page list view operations",
          "duration": 0.20454200000000355,
          "failureMessages": [
            "DoubleBindError: A page with the title \"Welcome\" already exists\n    at PageRepository.create (/Users/j/repos/wt-DBB-417-integration-tests/packages/core/src/repositories/page-repository.ts:127:13)\n    at processTicksAndRejections (node:internal/process/task_queues:105:5)\n    at PageService.createPage (/Users/j/repos/wt-DBB-417-integration-tests/packages/core/src/services/page-service.ts:76:22)\n    at /Users/j/repos/wt-DBB-417-integration-tests/packages/mobile-primitives/test/integration/ServiceIntegration.test.ts:538:7\n    at file:///Users/j/repos/wt-DBB-417-integration-tests/node_modules/.pnpm/@vitest+runner@2.1.9/node_modules/@vitest/runner/dist/index.js:533:5\n    at runTest (file:///Users/j/repos/wt-DBB-417-integration-tests/node_modules/.pnpm/@vitest+runner@2.1.9/node_modules/@vitest/runner/dist/index.js:1056:11)\n    at runSuite (file:///Users/j/repos/wt-DBB-417-integration-tests/node_modules/.pnpm/@vitest+runner@2.1.9/node_modules/@vitest/runner/dist/index.js:1205:15)\n    at runSuite (file:///Users/j/repos/wt-DBB-417-integration-tests/node_modules/.pnpm/@vitest+runner@2.1.9/node_modules/@vitest/runner/dist/index.js:1205:15)\n    at runSuite (file:///Users/j/repos/wt-DBB-417-integration-tests/node_modules/.pnpm/@vitest+runner@2.1.9/node_modules/@vitest/runner/dist/index.js:1205:15)\n    at runFiles (file:///Users/j/repos/wt-DBB-417-integration-tests/node_modules/.pnpm/@vitest+runner@2.1.9/node_modules/@vitest/runner/dist/index.js:1262:5)"
          ],
          "meta": {}
        },
        {
          "ancestorTitles": [
            "Service Integration - Cross-Service Scenarios",
            "Mobile UI Component Integration"
          ],
          "fullName": "Service Integration - Cross-Service Scenarios Mobile UI Component Integration should support page detail view operations",
          "status": "failed",
          "title": "should support page detail view operations",
          "duration": 1.7383749999999623,
          "failureMessages": [
            "DoubleBindError: A page with the title \"Welcome\" already exists\n    at PageRepository.create (/Users/j/repos/wt-DBB-417-integration-tests/packages/core/src/repositories/page-repository.ts:127:13)\n    at processTicksAndRejections (node:internal/process/task_queues:105:5)\n    at PageService.createPage (/Users/j/repos/wt-DBB-417-integration-tests/packages/core/src/services/page-service.ts:76:22)\n    at /Users/j/repos/wt-DBB-417-integration-tests/packages/mobile-primitives/test/integration/ServiceIntegration.test.ts:552:20\n    at file:///Users/j/repos/wt-DBB-417-integration-tests/node_modules/.pnpm/@vitest+runner@2.1.9/node_modules/@vitest/runner/dist/index.js:533:5\n    at runTest (file:///Users/j/repos/wt-DBB-417-integration-tests/node_modules/.pnpm/@vitest+runner@2.1.9/node_modules/@vitest/runner/dist/index.js:1056:11)\n    at runSuite (file:///Users/j/repos/wt-DBB-417-integration-tests/node_modules/.pnpm/@vitest+runner@2.1.9/node_modules/@vitest/runner/dist/index.js:1205:15)\n    at runSuite (file:///Users/j/repos/wt-DBB-417-integration-tests/node_modules/.pnpm/@vitest+runner@2.1.9/node_modules/@vitest/runner/dist/index.js:1205:15)\n    at runSuite (file:///Users/j/repos/wt-DBB-417-integration-tests/node_modules/.pnpm/@vitest+runner@2.1.9/node_modules/@vitest/runner/dist/index.js:1205:15)\n    at runFiles (file:///Users/j/repos/wt-DBB-417-integration-tests/node_modules/.pnpm/@vitest+runner@2.1.9/node_modules/@vitest/runner/dist/index.js:1262:5)"
          ],
          "meta": {}
        },
        {
          "ancestorTitles": [
            "Service Integration - Cross-Service Scenarios",
            "Mobile UI Component Integration"
          ],
          "fullName": "Service Integration - Cross-Service Scenarios Mobile UI Component Integration should support graph visualization component",
          "status": "passed",
          "title": "should support graph visualization component",
          "duration": 0.25162499999999,
          "failureMessages": [],
          "meta": {}
        },
        {
          "ancestorTitles": [
            "Service Integration - Cross-Service Scenarios",
            "Mobile UI Component Integration"
          ],
          "fullName": "Service Integration - Cross-Service Scenarios Mobile UI Component Integration should support search results view",
          "status": "failed",
          "title": "should support search results view",
          "duration": 0.18804199999999582,
          "failureMessages": [
            "TypeError: Cannot read properties of undefined (reading 'searchPages')\n    at /Users/j/repos/wt-DBB-417-integration-tests/packages/mobile-primitives/test/integration/ServiceIntegration.test.ts:583:51\n    at file:///Users/j/repos/wt-DBB-417-integration-tests/node_modules/.pnpm/@vitest+runner@2.1.9/node_modules/@vitest/runner/dist/index.js:146:14\n    at file:///Users/j/repos/wt-DBB-417-integration-tests/node_modules/.pnpm/@vitest+runner@2.1.9/node_modules/@vitest/runner/dist/index.js:533:11\n    at runWithTimeout (file:///Users/j/repos/wt-DBB-417-integration-tests/node_modules/.pnpm/@vitest+runner@2.1.9/node_modules/@vitest/runner/dist/index.js:39:7)\n    at runTest (file:///Users/j/repos/wt-DBB-417-integration-tests/node_modules/.pnpm/@vitest+runner@2.1.9/node_modules/@vitest/runner/dist/index.js:1056:17)\n    at processTicksAndRejections (node:internal/process/task_queues:105:5)\n    at runSuite (file:///Users/j/repos/wt-DBB-417-integration-tests/node_modules/.pnpm/@vitest+runner@2.1.9/node_modules/@vitest/runner/dist/index.js:1205:15)\n    at runSuite (file:///Users/j/repos/wt-DBB-417-integration-tests/node_modules/.pnpm/@vitest+runner@2.1.9/node_modules/@vitest/runner/dist/index.js:1205:15)\n    at runSuite (file:///Users/j/repos/wt-DBB-417-integration-tests/node_modules/.pnpm/@vitest+runner@2.1.9/node_modules/@vitest/runner/dist/index.js:1205:15)\n    at runFiles (file:///Users/j/repos/wt-DBB-417-integration-tests/node_modules/.pnpm/@vitest+runner@2.1.9/node_modules/@vitest/runner/dist/index.js:1262:5)"
          ],
          "meta": {}
        }
      ],
      "startTime": 1770669668151,
      "endTime": 1770669668169.2517,
      "status": "failed",
      "message": "",
      "name": "/Users/j/repos/wt-DBB-417-integration-tests/packages/mobile-primitives/test/integration/ServiceIntegration.test.ts"
    }
  ]
}
